CRITICAL - 2022-01-09 16:54:56 --> The framework needs the following extension(s) installed and loaded: intl.
#0 C:\xampp\htdocs\VolleyBall_Analytics\codeigniter4\system\CodeIgniter.php(219): CodeIgniter\Exceptions\FrameworkException::forMissingExtension('intl')
#1 C:\xampp\htdocs\VolleyBall_Analytics\codeigniter4\system\CodeIgniter.php(177): CodeIgniter\CodeIgniter->resolvePlatformExtensions()
#2 C:\xampp\htdocs\VolleyBall_Analytics\codeigniter4\system\bootstrap.php(146): CodeIgniter\CodeIgniter->initialize()
#3 C:\xampp\htdocs\VolleyBall_Analytics\codeigniter4\public\index.php(28): require('C:\\xampp\\htdocs...')
#4 {main}
CRITICAL - 2022-01-09 17:08:49 --> The framework needs the following extension(s) installed and loaded: intl.
#0 C:\xampp\htdocs\VolleyBall_Analytics\codeigniter4\system\CodeIgniter.php(219): CodeIgniter\Exceptions\FrameworkException::forMissingExtension('intl')
#1 C:\xampp\htdocs\VolleyBall_Analytics\codeigniter4\system\CodeIgniter.php(177): CodeIgniter\CodeIgniter->resolvePlatformExtensions()
#2 C:\xampp\htdocs\VolleyBall_Analytics\codeigniter4\system\bootstrap.php(146): CodeIgniter\CodeIgniter->initialize()
#3 C:\xampp\htdocs\VolleyBall_Analytics\codeigniter4\public\index.php(28): require('C:\\xampp\\htdocs...')
#4 {main}
CRITICAL - 2022-01-09 11:15:24 --> require_once(top_header): Failed to open stream: No such file or directory
#0 C:\xampp\htdocs\VolleyBall_Analytics\codeigniter4\app\Views\home.php(5): CodeIgniter\Debug\Exceptions->errorHandler(2, 'require_once(to...', 'C:\\xampp\\htdocs...', 5)
#1 C:\xampp\htdocs\VolleyBall_Analytics\codeigniter4\app\Views\home.php(5): require_once()
#2 C:\xampp\htdocs\VolleyBall_Analytics\codeigniter4\system\View\View.php(210): include('C:\\xampp\\htdocs...')
#3 C:\xampp\htdocs\VolleyBall_Analytics\codeigniter4\system\View\View.php(213): CodeIgniter\View\View->CodeIgniter\View\{closure}()
#4 C:\xampp\htdocs\VolleyBall_Analytics\codeigniter4\system\Common.php(1089): CodeIgniter\View\View->render('home', Array, true)
#5 C:\xampp\htdocs\VolleyBall_Analytics\codeigniter4\app\Controllers\Home.php(10): view('home')
#6 C:\xampp\htdocs\VolleyBall_Analytics\codeigniter4\system\CodeIgniter.php(825): App\Controllers\Home->index()
#7 C:\xampp\htdocs\VolleyBall_Analytics\codeigniter4\system\CodeIgniter.php(412): CodeIgniter\CodeIgniter->runController(Object(App\Controllers\Home))
#8 C:\xampp\htdocs\VolleyBall_Analytics\codeigniter4\system\CodeIgniter.php(320): CodeIgniter\CodeIgniter->handleRequest(NULL, Object(Config\Cache), false)
#9 C:\xampp\htdocs\VolleyBall_Analytics\codeigniter4\public\index.php(37): CodeIgniter\CodeIgniter->run()
#10 {main}
CRITICAL - 2022-01-09 11:31:43 --> syntax error, unexpected token "match", expecting identifier
#0 C:\xampp\htdocs\VolleyBall_Analytics\codeigniter4\system\Router\Router.php(175): CodeIgniter\Router\Router->autoRoute('match')
#1 C:\xampp\htdocs\VolleyBall_Analytics\codeigniter4\system\CodeIgniter.php(719): CodeIgniter\Router\Router->handle('match')
#2 C:\xampp\htdocs\VolleyBall_Analytics\codeigniter4\system\CodeIgniter.php(361): CodeIgniter\CodeIgniter->tryToRouteIt(Object(CodeIgniter\Router\RouteCollection))
#3 C:\xampp\htdocs\VolleyBall_Analytics\codeigniter4\system\CodeIgniter.php(320): CodeIgniter\CodeIgniter->handleRequest(NULL, Object(Config\Cache), false)
#4 C:\xampp\htdocs\VolleyBall_Analytics\codeigniter4\public\index.php(37): CodeIgniter\CodeIgniter->run()
#5 {main}
CRITICAL - 2022-01-09 11:31:50 --> syntax error, unexpected token "match", expecting identifier
#0 C:\xampp\htdocs\VolleyBall_Analytics\codeigniter4\system\Router\Router.php(175): CodeIgniter\Router\Router->autoRoute('Match')
#1 C:\xampp\htdocs\VolleyBall_Analytics\codeigniter4\system\CodeIgniter.php(719): CodeIgniter\Router\Router->handle('Match')
#2 C:\xampp\htdocs\VolleyBall_Analytics\codeigniter4\system\CodeIgniter.php(361): CodeIgniter\CodeIgniter->tryToRouteIt(Object(CodeIgniter\Router\RouteCollection))
#3 C:\xampp\htdocs\VolleyBall_Analytics\codeigniter4\system\CodeIgniter.php(320): CodeIgniter\CodeIgniter->handleRequest(NULL, Object(Config\Cache), false)
#4 C:\xampp\htdocs\VolleyBall_Analytics\codeigniter4\public\index.php(37): CodeIgniter\CodeIgniter->run()
#5 {main}
CRITICAL - 2022-01-09 11:32:16 --> syntax error, unexpected token "match", expecting identifier
#0 C:\xampp\htdocs\VolleyBall_Analytics\codeigniter4\system\Router\Router.php(175): CodeIgniter\Router\Router->autoRoute('Match')
#1 C:\xampp\htdocs\VolleyBall_Analytics\codeigniter4\system\CodeIgniter.php(719): CodeIgniter\Router\Router->handle('Match')
#2 C:\xampp\htdocs\VolleyBall_Analytics\codeigniter4\system\CodeIgniter.php(361): CodeIgniter\CodeIgniter->tryToRouteIt(Object(CodeIgniter\Router\RouteCollection))
#3 C:\xampp\htdocs\VolleyBall_Analytics\codeigniter4\system\CodeIgniter.php(320): CodeIgniter\CodeIgniter->handleRequest(NULL, Object(Config\Cache), false)
#4 C:\xampp\htdocs\VolleyBall_Analytics\codeigniter4\public\index.php(37): CodeIgniter\CodeIgniter->run()
#5 {main}
CRITICAL - 2022-01-09 11:32:18 --> syntax error, unexpected token "match", expecting identifier
#0 C:\xampp\htdocs\VolleyBall_Analytics\codeigniter4\system\Router\Router.php(175): CodeIgniter\Router\Router->autoRoute('Match')
#1 C:\xampp\htdocs\VolleyBall_Analytics\codeigniter4\system\CodeIgniter.php(719): CodeIgniter\Router\Router->handle('Match')
#2 C:\xampp\htdocs\VolleyBall_Analytics\codeigniter4\system\CodeIgniter.php(361): CodeIgniter\CodeIgniter->tryToRouteIt(Object(CodeIgniter\Router\RouteCollection))
#3 C:\xampp\htdocs\VolleyBall_Analytics\codeigniter4\system\CodeIgniter.php(320): CodeIgniter\CodeIgniter->handleRequest(NULL, Object(Config\Cache), false)
#4 C:\xampp\htdocs\VolleyBall_Analytics\codeigniter4\public\index.php(37): CodeIgniter\CodeIgniter->run()
#5 {main}
CRITICAL - 2022-01-09 11:32:44 --> syntax error, unexpected token "match", expecting identifier
#0 C:\xampp\htdocs\VolleyBall_Analytics\codeigniter4\system\Router\Router.php(175): CodeIgniter\Router\Router->autoRoute('Match')
#1 C:\xampp\htdocs\VolleyBall_Analytics\codeigniter4\system\CodeIgniter.php(719): CodeIgniter\Router\Router->handle('Match')
#2 C:\xampp\htdocs\VolleyBall_Analytics\codeigniter4\system\CodeIgniter.php(361): CodeIgniter\CodeIgniter->tryToRouteIt(Object(CodeIgniter\Router\RouteCollection))
#3 C:\xampp\htdocs\VolleyBall_Analytics\codeigniter4\system\CodeIgniter.php(320): CodeIgniter\CodeIgniter->handleRequest(NULL, Object(Config\Cache), false)
#4 C:\xampp\htdocs\VolleyBall_Analytics\codeigniter4\public\index.php(37): CodeIgniter\CodeIgniter->run()
#5 {main}
CRITICAL - 2022-01-09 11:33:20 --> syntax error, unexpected token "match", expecting identifier
#0 C:\xampp\htdocs\VolleyBall_Analytics\codeigniter4\system\Router\Router.php(175): CodeIgniter\Router\Router->autoRoute('Match')
#1 C:\xampp\htdocs\VolleyBall_Analytics\codeigniter4\system\CodeIgniter.php(719): CodeIgniter\Router\Router->handle('Match')
#2 C:\xampp\htdocs\VolleyBall_Analytics\codeigniter4\system\CodeIgniter.php(361): CodeIgniter\CodeIgniter->tryToRouteIt(Object(CodeIgniter\Router\RouteCollection))
#3 C:\xampp\htdocs\VolleyBall_Analytics\codeigniter4\system\CodeIgniter.php(320): CodeIgniter\CodeIgniter->handleRequest(NULL, Object(Config\Cache), false)
#4 C:\xampp\htdocs\VolleyBall_Analytics\codeigniter4\public\index.php(37): CodeIgniter\CodeIgniter->run()
#5 {main}
CRITICAL - 2022-01-09 11:33:50 --> syntax error, unexpected token "match", expecting identifier
#0 C:\xampp\htdocs\VolleyBall_Analytics\codeigniter4\system\Router\Router.php(175): CodeIgniter\Router\Router->autoRoute('Match')
#1 C:\xampp\htdocs\VolleyBall_Analytics\codeigniter4\system\CodeIgniter.php(719): CodeIgniter\Router\Router->handle('Match')
#2 C:\xampp\htdocs\VolleyBall_Analytics\codeigniter4\system\CodeIgniter.php(361): CodeIgniter\CodeIgniter->tryToRouteIt(Object(CodeIgniter\Router\RouteCollection))
#3 C:\xampp\htdocs\VolleyBall_Analytics\codeigniter4\system\CodeIgniter.php(320): CodeIgniter\CodeIgniter->handleRequest(NULL, Object(Config\Cache), false)
#4 C:\xampp\htdocs\VolleyBall_Analytics\codeigniter4\public\index.php(37): CodeIgniter\CodeIgniter->run()
#5 {main}
CRITICAL - 2022-01-09 11:33:51 --> syntax error, unexpected token "match", expecting identifier
#0 C:\xampp\htdocs\VolleyBall_Analytics\codeigniter4\system\Router\Router.php(175): CodeIgniter\Router\Router->autoRoute('Match')
#1 C:\xampp\htdocs\VolleyBall_Analytics\codeigniter4\system\CodeIgniter.php(719): CodeIgniter\Router\Router->handle('Match')
#2 C:\xampp\htdocs\VolleyBall_Analytics\codeigniter4\system\CodeIgniter.php(361): CodeIgniter\CodeIgniter->tryToRouteIt(Object(CodeIgniter\Router\RouteCollection))
#3 C:\xampp\htdocs\VolleyBall_Analytics\codeigniter4\system\CodeIgniter.php(320): CodeIgniter\CodeIgniter->handleRequest(NULL, Object(Config\Cache), false)
#4 C:\xampp\htdocs\VolleyBall_Analytics\codeigniter4\public\index.php(37): CodeIgniter\CodeIgniter->run()
#5 {main}
CRITICAL - 2022-01-09 11:34:34 --> syntax error, unexpected token "match", expecting identifier
#0 C:\xampp\htdocs\VolleyBall_Analytics\codeigniter4\system\Router\Router.php(175): CodeIgniter\Router\Router->autoRoute('match')
#1 C:\xampp\htdocs\VolleyBall_Analytics\codeigniter4\system\CodeIgniter.php(719): CodeIgniter\Router\Router->handle('match')
#2 C:\xampp\htdocs\VolleyBall_Analytics\codeigniter4\system\CodeIgniter.php(361): CodeIgniter\CodeIgniter->tryToRouteIt(Object(CodeIgniter\Router\RouteCollection))
#3 C:\xampp\htdocs\VolleyBall_Analytics\codeigniter4\system\CodeIgniter.php(320): CodeIgniter\CodeIgniter->handleRequest(NULL, Object(Config\Cache), false)
#4 C:\xampp\htdocs\VolleyBall_Analytics\codeigniter4\public\index.php(37): CodeIgniter\CodeIgniter->run()
#5 {main}
CRITICAL - 2022-01-09 11:37:55 --> Undefined property: App\Controllers\Matchs::$load
#0 C:\xampp\htdocs\VolleyBall_Analytics\codeigniter4\app\Controllers\Matchs.php(13): CodeIgniter\Debug\Exceptions->errorHandler(2, 'Undefined prope...', 'C:\\xampp\\htdocs...', 13)
#1 C:\xampp\htdocs\VolleyBall_Analytics\codeigniter4\system\CodeIgniter.php(825): App\Controllers\Matchs->index()
#2 C:\xampp\htdocs\VolleyBall_Analytics\codeigniter4\system\CodeIgniter.php(412): CodeIgniter\CodeIgniter->runController(Object(App\Controllers\Matchs))
#3 C:\xampp\htdocs\VolleyBall_Analytics\codeigniter4\system\CodeIgniter.php(320): CodeIgniter\CodeIgniter->handleRequest(NULL, Object(Config\Cache), false)
#4 C:\xampp\htdocs\VolleyBall_Analytics\codeigniter4\public\index.php(37): CodeIgniter\CodeIgniter->run()
#5 {main}
CRITICAL - 2022-01-09 11:38:07 --> Undefined property: App\Controllers\Matchs::$load
#0 C:\xampp\htdocs\VolleyBall_Analytics\codeigniter4\app\Controllers\Matchs.php(12): CodeIgniter\Debug\Exceptions->errorHandler(2, 'Undefined prope...', 'C:\\xampp\\htdocs...', 12)
#1 C:\xampp\htdocs\VolleyBall_Analytics\codeigniter4\system\CodeIgniter.php(825): App\Controllers\Matchs->index()
#2 C:\xampp\htdocs\VolleyBall_Analytics\codeigniter4\system\CodeIgniter.php(412): CodeIgniter\CodeIgniter->runController(Object(App\Controllers\Matchs))
#3 C:\xampp\htdocs\VolleyBall_Analytics\codeigniter4\system\CodeIgniter.php(320): CodeIgniter\CodeIgniter->handleRequest(NULL, Object(Config\Cache), false)
#4 C:\xampp\htdocs\VolleyBall_Analytics\codeigniter4\public\index.php(37): CodeIgniter\CodeIgniter->run()
#5 {main}
CRITICAL - 2022-01-09 11:38:08 --> Undefined property: App\Controllers\Matchs::$load
#0 C:\xampp\htdocs\VolleyBall_Analytics\codeigniter4\app\Controllers\Matchs.php(12): CodeIgniter\Debug\Exceptions->errorHandler(2, 'Undefined prope...', 'C:\\xampp\\htdocs...', 12)
#1 C:\xampp\htdocs\VolleyBall_Analytics\codeigniter4\system\CodeIgniter.php(825): App\Controllers\Matchs->index()
#2 C:\xampp\htdocs\VolleyBall_Analytics\codeigniter4\system\CodeIgniter.php(412): CodeIgniter\CodeIgniter->runController(Object(App\Controllers\Matchs))
#3 C:\xampp\htdocs\VolleyBall_Analytics\codeigniter4\system\CodeIgniter.php(320): CodeIgniter\CodeIgniter->handleRequest(NULL, Object(Config\Cache), false)
#4 C:\xampp\htdocs\VolleyBall_Analytics\codeigniter4\public\index.php(37): CodeIgniter\CodeIgniter->run()
#5 {main}
CRITICAL - 2022-01-09 11:52:45 --> Undefined property: App\Controllers\Matchs::$MY_Model
#0 C:\xampp\htdocs\VolleyBall_Analytics\codeigniter4\app\Controllers\Matchs.php(9): CodeIgniter\Debug\Exceptions->errorHandler(2, 'Undefined prope...', 'C:\\xampp\\htdocs...', 9)
#1 C:\xampp\htdocs\VolleyBall_Analytics\codeigniter4\system\CodeIgniter.php(825): App\Controllers\Matchs->index()
#2 C:\xampp\htdocs\VolleyBall_Analytics\codeigniter4\system\CodeIgniter.php(412): CodeIgniter\CodeIgniter->runController(Object(App\Controllers\Matchs))
#3 C:\xampp\htdocs\VolleyBall_Analytics\codeigniter4\system\CodeIgniter.php(320): CodeIgniter\CodeIgniter->handleRequest(NULL, Object(Config\Cache), false)
#4 C:\xampp\htdocs\VolleyBall_Analytics\codeigniter4\public\index.php(37): CodeIgniter\CodeIgniter->run()
#5 {main}
CRITICAL - 2022-01-09 12:01:02 --> syntax error, unexpected variable "$sql"
#0 C:\xampp\htdocs\VolleyBall_Analytics\codeigniter4\system\Router\Router.php(175): CodeIgniter\Router\Router->autoRoute('matchs')
#1 C:\xampp\htdocs\VolleyBall_Analytics\codeigniter4\system\CodeIgniter.php(719): CodeIgniter\Router\Router->handle('matchs')
#2 C:\xampp\htdocs\VolleyBall_Analytics\codeigniter4\system\CodeIgniter.php(361): CodeIgniter\CodeIgniter->tryToRouteIt(Object(CodeIgniter\Router\RouteCollection))
#3 C:\xampp\htdocs\VolleyBall_Analytics\codeigniter4\system\CodeIgniter.php(320): CodeIgniter\CodeIgniter->handleRequest(NULL, Object(Config\Cache), false)
#4 C:\xampp\htdocs\VolleyBall_Analytics\codeigniter4\public\index.php(37): CodeIgniter\CodeIgniter->run()
#5 {main}
