CRITICAL - 2022-01-11 07:00:58 --> Undefined variable $matchs
#0 C:\xampp\htdocs\VolleyBall_Analytics\codeigniter4\app\Views\match\list.php(23): CodeIgniter\Debug\Exceptions->errorHandler(2, 'Undefined varia...', 'C:\\xampp\\htdocs...', 23)
#1 C:\xampp\htdocs\VolleyBall_Analytics\codeigniter4\system\View\View.php(210): include('C:\\xampp\\htdocs...')
#2 C:\xampp\htdocs\VolleyBall_Analytics\codeigniter4\system\View\View.php(213): CodeIgniter\View\View->CodeIgniter\View\{closure}()
#3 C:\xampp\htdocs\VolleyBall_Analytics\codeigniter4\system\Common.php(1089): CodeIgniter\View\View->render('match/list', Array, true)
#4 C:\xampp\htdocs\VolleyBall_Analytics\codeigniter4\app\Controllers\Matchs.php(41): view('match/list', Array)
#5 C:\xampp\htdocs\VolleyBall_Analytics\codeigniter4\system\CodeIgniter.php(825): App\Controllers\Matchs->view('2FA001')
#6 C:\xampp\htdocs\VolleyBall_Analytics\codeigniter4\system\CodeIgniter.php(412): CodeIgniter\CodeIgniter->runController(Object(App\Controllers\Matchs))
#7 C:\xampp\htdocs\VolleyBall_Analytics\codeigniter4\system\CodeIgniter.php(320): CodeIgniter\CodeIgniter->handleRequest(NULL, Object(Config\Cache), false)
#8 C:\xampp\htdocs\VolleyBall_Analytics\codeigniter4\public\index.php(37): CodeIgniter\CodeIgniter->run()
#9 {main}
CRITICAL - 2022-01-11 07:01:05 --> Undefined variable $matchs
#0 C:\xampp\htdocs\VolleyBall_Analytics\codeigniter4\app\Views\match\list.php(23): CodeIgniter\Debug\Exceptions->errorHandler(2, 'Undefined varia...', 'C:\\xampp\\htdocs...', 23)
#1 C:\xampp\htdocs\VolleyBall_Analytics\codeigniter4\system\View\View.php(210): include('C:\\xampp\\htdocs...')
#2 C:\xampp\htdocs\VolleyBall_Analytics\codeigniter4\system\View\View.php(213): CodeIgniter\View\View->CodeIgniter\View\{closure}()
#3 C:\xampp\htdocs\VolleyBall_Analytics\codeigniter4\system\Common.php(1089): CodeIgniter\View\View->render('match/list', Array, true)
#4 C:\xampp\htdocs\VolleyBall_Analytics\codeigniter4\app\Controllers\Matchs.php(41): view('match/list', Array)
#5 C:\xampp\htdocs\VolleyBall_Analytics\codeigniter4\system\CodeIgniter.php(825): App\Controllers\Matchs->view('2FA001')
#6 C:\xampp\htdocs\VolleyBall_Analytics\codeigniter4\system\CodeIgniter.php(412): CodeIgniter\CodeIgniter->runController(Object(App\Controllers\Matchs))
#7 C:\xampp\htdocs\VolleyBall_Analytics\codeigniter4\system\CodeIgniter.php(320): CodeIgniter\CodeIgniter->handleRequest(NULL, Object(Config\Cache), false)
#8 C:\xampp\htdocs\VolleyBall_Analytics\codeigniter4\public\index.php(37): CodeIgniter\CodeIgniter->run()
#9 {main}
CRITICAL - 2022-01-11 07:09:26 --> require_once(header.php): Failed to open stream: No such file or directory
#0 C:\xampp\htdocs\VolleyBall_Analytics\codeigniter4\app\Views\home.php(1): CodeIgniter\Debug\Exceptions->errorHandler(2, 'require_once(he...', 'C:\\xampp\\htdocs...', 1)
#1 C:\xampp\htdocs\VolleyBall_Analytics\codeigniter4\app\Views\home.php(1): require_once()
#2 C:\xampp\htdocs\VolleyBall_Analytics\codeigniter4\system\View\View.php(210): include('C:\\xampp\\htdocs...')
#3 C:\xampp\htdocs\VolleyBall_Analytics\codeigniter4\system\View\View.php(213): CodeIgniter\View\View->CodeIgniter\View\{closure}()
#4 C:\xampp\htdocs\VolleyBall_Analytics\codeigniter4\system\Common.php(1089): CodeIgniter\View\View->render('home', Array, true)
#5 C:\xampp\htdocs\VolleyBall_Analytics\codeigniter4\app\Controllers\Home.php(9): view('home')
#6 C:\xampp\htdocs\VolleyBall_Analytics\codeigniter4\system\CodeIgniter.php(825): App\Controllers\Home->index()
#7 C:\xampp\htdocs\VolleyBall_Analytics\codeigniter4\system\CodeIgniter.php(412): CodeIgniter\CodeIgniter->runController(Object(App\Controllers\Home))
#8 C:\xampp\htdocs\VolleyBall_Analytics\codeigniter4\system\CodeIgniter.php(320): CodeIgniter\CodeIgniter->handleRequest(NULL, Object(Config\Cache), false)
#9 C:\xampp\htdocs\VolleyBall_Analytics\codeigniter4\public\index.php(37): CodeIgniter\CodeIgniter->run()
#10 {main}
CRITICAL - 2022-01-11 07:14:36 --> require_once(header.php): Failed to open stream: No such file or directory
#0 C:\xampp\htdocs\VolleyBall_Analytics\codeigniter4\app\Views\home.php(1): CodeIgniter\Debug\Exceptions->errorHandler(2, 'require_once(he...', 'C:\\xampp\\htdocs...', 1)
#1 C:\xampp\htdocs\VolleyBall_Analytics\codeigniter4\app\Views\home.php(1): require_once()
#2 C:\xampp\htdocs\VolleyBall_Analytics\codeigniter4\system\View\View.php(210): include('C:\\xampp\\htdocs...')
#3 C:\xampp\htdocs\VolleyBall_Analytics\codeigniter4\system\View\View.php(213): CodeIgniter\View\View->CodeIgniter\View\{closure}()
#4 C:\xampp\htdocs\VolleyBall_Analytics\codeigniter4\system\Common.php(1089): CodeIgniter\View\View->render('home', Array, true)
#5 C:\xampp\htdocs\VolleyBall_Analytics\codeigniter4\app\Controllers\Home.php(9): view('home')
#6 C:\xampp\htdocs\VolleyBall_Analytics\codeigniter4\system\CodeIgniter.php(825): App\Controllers\Home->index()
#7 C:\xampp\htdocs\VolleyBall_Analytics\codeigniter4\system\CodeIgniter.php(412): CodeIgniter\CodeIgniter->runController(Object(App\Controllers\Home))
#8 C:\xampp\htdocs\VolleyBall_Analytics\codeigniter4\system\CodeIgniter.php(320): CodeIgniter\CodeIgniter->handleRequest(NULL, Object(Config\Cache), false)
#9 C:\xampp\htdocs\VolleyBall_Analytics\codeigniter4\public\index.php(37): CodeIgniter\CodeIgniter->run()
#10 {main}
CRITICAL - 2022-01-11 07:15:05 --> require_once(header.php): Failed to open stream: No such file or directory
#0 C:\xampp\htdocs\VolleyBall_Analytics\codeigniter4\app\Views\home.php(1): CodeIgniter\Debug\Exceptions->errorHandler(2, 'require_once(he...', 'C:\\xampp\\htdocs...', 1)
#1 C:\xampp\htdocs\VolleyBall_Analytics\codeigniter4\app\Views\home.php(1): require_once()
#2 C:\xampp\htdocs\VolleyBall_Analytics\codeigniter4\system\View\View.php(210): include('C:\\xampp\\htdocs...')
#3 C:\xampp\htdocs\VolleyBall_Analytics\codeigniter4\system\View\View.php(213): CodeIgniter\View\View->CodeIgniter\View\{closure}()
#4 C:\xampp\htdocs\VolleyBall_Analytics\codeigniter4\system\Common.php(1089): CodeIgniter\View\View->render('home', Array, true)
#5 C:\xampp\htdocs\VolleyBall_Analytics\codeigniter4\app\Controllers\Home.php(12): view('home')
#6 C:\xampp\htdocs\VolleyBall_Analytics\codeigniter4\system\CodeIgniter.php(825): App\Controllers\Home->index()
#7 C:\xampp\htdocs\VolleyBall_Analytics\codeigniter4\system\CodeIgniter.php(412): CodeIgniter\CodeIgniter->runController(Object(App\Controllers\Home))
#8 C:\xampp\htdocs\VolleyBall_Analytics\codeigniter4\system\CodeIgniter.php(320): CodeIgniter\CodeIgniter->handleRequest(NULL, Object(Config\Cache), false)
#9 C:\xampp\htdocs\VolleyBall_Analytics\codeigniter4\public\index.php(37): CodeIgniter\CodeIgniter->run()
#10 {main}
CRITICAL - 2022-01-11 07:25:25 --> syntax error, unexpected token "echo"
#0 C:\xampp\htdocs\VolleyBall_Analytics\codeigniter4\system\Router\Router.php(175): CodeIgniter\Router\Router->autoRoute('matchs/view/2FA...')
#1 C:\xampp\htdocs\VolleyBall_Analytics\codeigniter4\system\CodeIgniter.php(719): CodeIgniter\Router\Router->handle('matchs/view/2FA...')
#2 C:\xampp\htdocs\VolleyBall_Analytics\codeigniter4\system\CodeIgniter.php(361): CodeIgniter\CodeIgniter->tryToRouteIt(Object(CodeIgniter\Router\RouteCollection))
#3 C:\xampp\htdocs\VolleyBall_Analytics\codeigniter4\system\CodeIgniter.php(320): CodeIgniter\CodeIgniter->handleRequest(NULL, Object(Config\Cache), false)
#4 C:\xampp\htdocs\VolleyBall_Analytics\codeigniter4\public\index.php(37): CodeIgniter\CodeIgniter->run()
#5 {main}
CRITICAL - 2022-01-11 07:26:18 --> Class "App\Controllers\RecursiveDirectoryIterator" not found
#0 C:\xampp\htdocs\VolleyBall_Analytics\codeigniter4\app\Controllers\Matchs.php(38): App\Controllers\Matchs->getPathMatchPdf('2FA001')
#1 C:\xampp\htdocs\VolleyBall_Analytics\codeigniter4\system\CodeIgniter.php(825): App\Controllers\Matchs->view('2FA001')
#2 C:\xampp\htdocs\VolleyBall_Analytics\codeigniter4\system\CodeIgniter.php(412): CodeIgniter\CodeIgniter->runController(Object(App\Controllers\Matchs))
#3 C:\xampp\htdocs\VolleyBall_Analytics\codeigniter4\system\CodeIgniter.php(320): CodeIgniter\CodeIgniter->handleRequest(NULL, Object(Config\Cache), false)
#4 C:\xampp\htdocs\VolleyBall_Analytics\codeigniter4\public\index.php(37): CodeIgniter\CodeIgniter->run()
#5 {main}
CRITICAL - 2022-01-11 07:28:19 --> scandir(http://localhost/VolleyBall_Analytics//data/): Failed to open directory: not implemented
#0 [internal function]: CodeIgniter\Debug\Exceptions->errorHandler(2, 'scandir(http://...', 'C:\\xampp\\htdocs...', 54)
#1 C:\xampp\htdocs\VolleyBall_Analytics\codeigniter4\app\Controllers\Matchs.php(54): scandir('http://localhos...')
#2 C:\xampp\htdocs\VolleyBall_Analytics\codeigniter4\app\Controllers\Matchs.php(38): App\Controllers\Matchs->getPathMatchPdf('2FA001')
#3 C:\xampp\htdocs\VolleyBall_Analytics\codeigniter4\system\CodeIgniter.php(825): App\Controllers\Matchs->view('2FA001')
#4 C:\xampp\htdocs\VolleyBall_Analytics\codeigniter4\system\CodeIgniter.php(412): CodeIgniter\CodeIgniter->runController(Object(App\Controllers\Matchs))
#5 C:\xampp\htdocs\VolleyBall_Analytics\codeigniter4\system\CodeIgniter.php(320): CodeIgniter\CodeIgniter->handleRequest(NULL, Object(Config\Cache), false)
#6 C:\xampp\htdocs\VolleyBall_Analytics\codeigniter4\public\index.php(37): CodeIgniter\CodeIgniter->run()
#7 {main}
CRITICAL - 2022-01-11 07:28:26 --> scandir(http://localhost/VolleyBall_Analytics/data/): Failed to open directory: not implemented
#0 [internal function]: CodeIgniter\Debug\Exceptions->errorHandler(2, 'scandir(http://...', 'C:\\xampp\\htdocs...', 54)
#1 C:\xampp\htdocs\VolleyBall_Analytics\codeigniter4\app\Controllers\Matchs.php(54): scandir('http://localhos...')
#2 C:\xampp\htdocs\VolleyBall_Analytics\codeigniter4\app\Controllers\Matchs.php(38): App\Controllers\Matchs->getPathMatchPdf('2FA001')
#3 C:\xampp\htdocs\VolleyBall_Analytics\codeigniter4\system\CodeIgniter.php(825): App\Controllers\Matchs->view('2FA001')
#4 C:\xampp\htdocs\VolleyBall_Analytics\codeigniter4\system\CodeIgniter.php(412): CodeIgniter\CodeIgniter->runController(Object(App\Controllers\Matchs))
#5 C:\xampp\htdocs\VolleyBall_Analytics\codeigniter4\system\CodeIgniter.php(320): CodeIgniter\CodeIgniter->handleRequest(NULL, Object(Config\Cache), false)
#6 C:\xampp\htdocs\VolleyBall_Analytics\codeigniter4\public\index.php(37): CodeIgniter\CodeIgniter->run()
#7 {main}
CRITICAL - 2022-01-11 07:29:58 --> scandir(http://localhost/VolleyBall_Analytics/data): Failed to open directory: not implemented
#0 [internal function]: CodeIgniter\Debug\Exceptions->errorHandler(2, 'scandir(http://...', 'C:\\xampp\\htdocs...', 54)
#1 C:\xampp\htdocs\VolleyBall_Analytics\codeigniter4\app\Controllers\Matchs.php(54): scandir('http://localhos...')
#2 C:\xampp\htdocs\VolleyBall_Analytics\codeigniter4\app\Controllers\Matchs.php(38): App\Controllers\Matchs->getPathMatchPdf('2FA001')
#3 C:\xampp\htdocs\VolleyBall_Analytics\codeigniter4\system\CodeIgniter.php(825): App\Controllers\Matchs->view('2FA001')
#4 C:\xampp\htdocs\VolleyBall_Analytics\codeigniter4\system\CodeIgniter.php(412): CodeIgniter\CodeIgniter->runController(Object(App\Controllers\Matchs))
#5 C:\xampp\htdocs\VolleyBall_Analytics\codeigniter4\system\CodeIgniter.php(320): CodeIgniter\CodeIgniter->handleRequest(NULL, Object(Config\Cache), false)
#6 C:\xampp\htdocs\VolleyBall_Analytics\codeigniter4\public\index.php(37): CodeIgniter\CodeIgniter->run()
#7 {main}
CRITICAL - 2022-01-11 08:14:53 --> scandir(http://localhost/VolleyBall_Analytics/data): Failed to open directory: not implemented
#0 [internal function]: CodeIgniter\Debug\Exceptions->errorHandler(2, 'scandir(http://...', 'C:\\xampp\\htdocs...', 54)
#1 C:\xampp\htdocs\VolleyBall_Analytics\codeigniter4\app\Controllers\Matchs.php(54): scandir('http://localhos...')
#2 C:\xampp\htdocs\VolleyBall_Analytics\codeigniter4\app\Controllers\Matchs.php(38): App\Controllers\Matchs->getPathMatchPdf('2FA001')
#3 C:\xampp\htdocs\VolleyBall_Analytics\codeigniter4\system\CodeIgniter.php(825): App\Controllers\Matchs->view('2FA001')
#4 C:\xampp\htdocs\VolleyBall_Analytics\codeigniter4\system\CodeIgniter.php(412): CodeIgniter\CodeIgniter->runController(Object(App\Controllers\Matchs))
#5 C:\xampp\htdocs\VolleyBall_Analytics\codeigniter4\system\CodeIgniter.php(320): CodeIgniter\CodeIgniter->handleRequest(NULL, Object(Config\Cache), false)
#6 C:\xampp\htdocs\VolleyBall_Analytics\codeigniter4\public\index.php(37): CodeIgniter\CodeIgniter->run()
#7 {main}
CRITICAL - 2022-01-11 08:19:22 --> Undefined variable $datas
#0 C:\xampp\htdocs\VolleyBall_Analytics\codeigniter4\app\Views\match\view.php(31): CodeIgniter\Debug\Exceptions->errorHandler(2, 'Undefined varia...', 'C:\\xampp\\htdocs...', 31)
#1 C:\xampp\htdocs\VolleyBall_Analytics\codeigniter4\system\View\View.php(210): include('C:\\xampp\\htdocs...')
#2 C:\xampp\htdocs\VolleyBall_Analytics\codeigniter4\system\View\View.php(213): CodeIgniter\View\View->CodeIgniter\View\{closure}()
#3 C:\xampp\htdocs\VolleyBall_Analytics\codeigniter4\system\Common.php(1089): CodeIgniter\View\View->render('match/view', Array, true)
#4 C:\xampp\htdocs\VolleyBall_Analytics\codeigniter4\app\Controllers\Matchs.php(43): view('match/view', Array)
#5 C:\xampp\htdocs\VolleyBall_Analytics\codeigniter4\system\CodeIgniter.php(825): App\Controllers\Matchs->view('2FA001')
#6 C:\xampp\htdocs\VolleyBall_Analytics\codeigniter4\system\CodeIgniter.php(412): CodeIgniter\CodeIgniter->runController(Object(App\Controllers\Matchs))
#7 C:\xampp\htdocs\VolleyBall_Analytics\codeigniter4\system\CodeIgniter.php(320): CodeIgniter\CodeIgniter->handleRequest(NULL, Object(Config\Cache), false)
#8 C:\xampp\htdocs\VolleyBall_Analytics\codeigniter4\public\index.php(37): CodeIgniter\CodeIgniter->run()
#9 {main}
CRITICAL - 2022-01-11 08:19:33 --> Undefined array key "city"
#0 C:\xampp\htdocs\VolleyBall_Analytics\codeigniter4\app\Views\match\view.php(31): CodeIgniter\Debug\Exceptions->errorHandler(2, 'Undefined array...', 'C:\\xampp\\htdocs...', 31)
#1 C:\xampp\htdocs\VolleyBall_Analytics\codeigniter4\system\View\View.php(210): include('C:\\xampp\\htdocs...')
#2 C:\xampp\htdocs\VolleyBall_Analytics\codeigniter4\system\View\View.php(213): CodeIgniter\View\View->CodeIgniter\View\{closure}()
#3 C:\xampp\htdocs\VolleyBall_Analytics\codeigniter4\system\Common.php(1089): CodeIgniter\View\View->render('match/view', Array, true)
#4 C:\xampp\htdocs\VolleyBall_Analytics\codeigniter4\app\Controllers\Matchs.php(43): view('match/view', Array)
#5 C:\xampp\htdocs\VolleyBall_Analytics\codeigniter4\system\CodeIgniter.php(825): App\Controllers\Matchs->view('2FA001')
#6 C:\xampp\htdocs\VolleyBall_Analytics\codeigniter4\system\CodeIgniter.php(412): CodeIgniter\CodeIgniter->runController(Object(App\Controllers\Matchs))
#7 C:\xampp\htdocs\VolleyBall_Analytics\codeigniter4\system\CodeIgniter.php(320): CodeIgniter\CodeIgniter->handleRequest(NULL, Object(Config\Cache), false)
#8 C:\xampp\htdocs\VolleyBall_Analytics\codeigniter4\public\index.php(37): CodeIgniter\CodeIgniter->run()
#9 {main}
CRITICAL - 2022-01-11 08:21:33 --> Attempt to read property "city" on array
#0 C:\xampp\htdocs\VolleyBall_Analytics\codeigniter4\app\Views\match\view.php(31): CodeIgniter\Debug\Exceptions->errorHandler(2, 'Attempt to read...', 'C:\\xampp\\htdocs...', 31)
#1 C:\xampp\htdocs\VolleyBall_Analytics\codeigniter4\system\View\View.php(210): include('C:\\xampp\\htdocs...')
#2 C:\xampp\htdocs\VolleyBall_Analytics\codeigniter4\system\View\View.php(213): CodeIgniter\View\View->CodeIgniter\View\{closure}()
#3 C:\xampp\htdocs\VolleyBall_Analytics\codeigniter4\system\Common.php(1089): CodeIgniter\View\View->render('match/view', Array, true)
#4 C:\xampp\htdocs\VolleyBall_Analytics\codeigniter4\app\Controllers\Matchs.php(43): view('match/view', Array)
#5 C:\xampp\htdocs\VolleyBall_Analytics\codeigniter4\system\CodeIgniter.php(825): App\Controllers\Matchs->view('2FA001')
#6 C:\xampp\htdocs\VolleyBall_Analytics\codeigniter4\system\CodeIgniter.php(412): CodeIgniter\CodeIgniter->runController(Object(App\Controllers\Matchs))
#7 C:\xampp\htdocs\VolleyBall_Analytics\codeigniter4\system\CodeIgniter.php(320): CodeIgniter\CodeIgniter->handleRequest(NULL, Object(Config\Cache), false)
#8 C:\xampp\htdocs\VolleyBall_Analytics\codeigniter4\public\index.php(37): CodeIgniter\CodeIgniter->run()
#9 {main}
CRITICAL - 2022-01-11 08:22:51 --> Attempt to read property "city" on array
#0 C:\xampp\htdocs\VolleyBall_Analytics\codeigniter4\app\Views\match\view.php(31): CodeIgniter\Debug\Exceptions->errorHandler(2, 'Attempt to read...', 'C:\\xampp\\htdocs...', 31)
#1 C:\xampp\htdocs\VolleyBall_Analytics\codeigniter4\system\View\View.php(210): include('C:\\xampp\\htdocs...')
#2 C:\xampp\htdocs\VolleyBall_Analytics\codeigniter4\system\View\View.php(213): CodeIgniter\View\View->CodeIgniter\View\{closure}()
#3 C:\xampp\htdocs\VolleyBall_Analytics\codeigniter4\system\Common.php(1089): CodeIgniter\View\View->render('match/view', Array, true)
#4 C:\xampp\htdocs\VolleyBall_Analytics\codeigniter4\app\Controllers\Matchs.php(43): view('match/view', Array)
#5 C:\xampp\htdocs\VolleyBall_Analytics\codeigniter4\system\CodeIgniter.php(825): App\Controllers\Matchs->view('2FA001')
#6 C:\xampp\htdocs\VolleyBall_Analytics\codeigniter4\system\CodeIgniter.php(412): CodeIgniter\CodeIgniter->runController(Object(App\Controllers\Matchs))
#7 C:\xampp\htdocs\VolleyBall_Analytics\codeigniter4\system\CodeIgniter.php(320): CodeIgniter\CodeIgniter->handleRequest(NULL, Object(Config\Cache), false)
#8 C:\xampp\htdocs\VolleyBall_Analytics\codeigniter4\public\index.php(37): CodeIgniter\CodeIgniter->run()
#9 {main}
CRITICAL - 2022-01-11 08:40:02 --> Class "App\Controllers\DateTime" not found
#0 C:\xampp\htdocs\VolleyBall_Analytics\codeigniter4\system\CodeIgniter.php(825): App\Controllers\Matchs->view('2FA001')
#1 C:\xampp\htdocs\VolleyBall_Analytics\codeigniter4\system\CodeIgniter.php(412): CodeIgniter\CodeIgniter->runController(Object(App\Controllers\Matchs))
#2 C:\xampp\htdocs\VolleyBall_Analytics\codeigniter4\system\CodeIgniter.php(320): CodeIgniter\CodeIgniter->handleRequest(NULL, Object(Config\Cache), false)
#3 C:\xampp\htdocs\VolleyBall_Analytics\codeigniter4\public\index.php(37): CodeIgniter\CodeIgniter->run()
#4 {main}
ERROR - 2022-01-11 09:03:03 --> You have an error in your SQL syntax; check the manual that corresponds to your MariaDB server version for the right syntax to use near 'FROM
            `match` m
            INNER JOIN team t1 ON m.team_home_id...' at line 10
CRITICAL - 2022-01-11 09:03:03 --> Call to a member function getRow() on bool
#0 C:\xampp\htdocs\VolleyBall_Analytics\codeigniter4\app\Controllers\Matchs.php(36): App\Models\Matchs->getMatch('2FA001')
#1 C:\xampp\htdocs\VolleyBall_Analytics\codeigniter4\system\CodeIgniter.php(825): App\Controllers\Matchs->view('2FA001')
#2 C:\xampp\htdocs\VolleyBall_Analytics\codeigniter4\system\CodeIgniter.php(412): CodeIgniter\CodeIgniter->runController(Object(App\Controllers\Matchs))
#3 C:\xampp\htdocs\VolleyBall_Analytics\codeigniter4\system\CodeIgniter.php(320): CodeIgniter\CodeIgniter->handleRequest(NULL, Object(Config\Cache), false)
#4 C:\xampp\htdocs\VolleyBall_Analytics\codeigniter4\public\index.php(37): CodeIgniter\CodeIgniter->run()
#5 {main}
CRITICAL - 2022-01-11 09:57:54 --> Undefined property: stdClass::$t1id
#0 C:\xampp\htdocs\VolleyBall_Analytics\codeigniter4\app\Views\match\view.php(68): CodeIgniter\Debug\Exceptions->errorHandler(2, 'Undefined prope...', 'C:\\xampp\\htdocs...', 68)
#1 C:\xampp\htdocs\VolleyBall_Analytics\codeigniter4\system\View\View.php(210): include('C:\\xampp\\htdocs...')
#2 C:\xampp\htdocs\VolleyBall_Analytics\codeigniter4\system\View\View.php(213): CodeIgniter\View\View->CodeIgniter\View\{closure}()
#3 C:\xampp\htdocs\VolleyBall_Analytics\codeigniter4\system\Common.php(1089): CodeIgniter\View\View->render('match/view', Array, true)
#4 C:\xampp\htdocs\VolleyBall_Analytics\codeigniter4\app\Controllers\Matchs.php(48): view('match/view', Array)
#5 C:\xampp\htdocs\VolleyBall_Analytics\codeigniter4\system\CodeIgniter.php(825): App\Controllers\Matchs->view('2FA001')
#6 C:\xampp\htdocs\VolleyBall_Analytics\codeigniter4\system\CodeIgniter.php(412): CodeIgniter\CodeIgniter->runController(Object(App\Controllers\Matchs))
#7 C:\xampp\htdocs\VolleyBall_Analytics\codeigniter4\system\CodeIgniter.php(320): CodeIgniter\CodeIgniter->handleRequest(NULL, Object(Config\Cache), false)
#8 C:\xampp\htdocs\VolleyBall_Analytics\codeigniter4\public\index.php(37): CodeIgniter\CodeIgniter->run()
#9 {main}
CRITICAL - 2022-01-11 09:58:53 --> Array to string conversion
#0 C:\xampp\htdocs\VolleyBall_Analytics\codeigniter4\app\Views\match\view.php(68): CodeIgniter\Debug\Exceptions->errorHandler(2, 'Array to string...', 'C:\\xampp\\htdocs...', 68)
#1 C:\xampp\htdocs\VolleyBall_Analytics\codeigniter4\system\View\View.php(210): include('C:\\xampp\\htdocs...')
#2 C:\xampp\htdocs\VolleyBall_Analytics\codeigniter4\system\View\View.php(213): CodeIgniter\View\View->CodeIgniter\View\{closure}()
#3 C:\xampp\htdocs\VolleyBall_Analytics\codeigniter4\system\Common.php(1089): CodeIgniter\View\View->render('match/view', Array, true)
#4 C:\xampp\htdocs\VolleyBall_Analytics\codeigniter4\app\Controllers\Matchs.php(48): view('match/view', Array)
#5 C:\xampp\htdocs\VolleyBall_Analytics\codeigniter4\system\CodeIgniter.php(825): App\Controllers\Matchs->view('2FA001')
#6 C:\xampp\htdocs\VolleyBall_Analytics\codeigniter4\system\CodeIgniter.php(412): CodeIgniter\CodeIgniter->runController(Object(App\Controllers\Matchs))
#7 C:\xampp\htdocs\VolleyBall_Analytics\codeigniter4\system\CodeIgniter.php(320): CodeIgniter\CodeIgniter->handleRequest(NULL, Object(Config\Cache), false)
#8 C:\xampp\htdocs\VolleyBall_Analytics\codeigniter4\public\index.php(37): CodeIgniter\CodeIgniter->run()
#9 {main}
CRITICAL - 2022-01-11 10:11:48 --> syntax error, unexpected token "as", expecting "->" or "?->" or "{" or "["
#0 C:\xampp\htdocs\VolleyBall_Analytics\codeigniter4\system\Router\Router.php(175): CodeIgniter\Router\Router->autoRoute('Team/getTeams')
#1 C:\xampp\htdocs\VolleyBall_Analytics\codeigniter4\system\CodeIgniter.php(719): CodeIgniter\Router\Router->handle('Team/getTeams')
#2 C:\xampp\htdocs\VolleyBall_Analytics\codeigniter4\system\CodeIgniter.php(361): CodeIgniter\CodeIgniter->tryToRouteIt(Object(CodeIgniter\Router\RouteCollection))
#3 C:\xampp\htdocs\VolleyBall_Analytics\codeigniter4\system\CodeIgniter.php(320): CodeIgniter\CodeIgniter->handleRequest(NULL, Object(Config\Cache), false)
#4 C:\xampp\htdocs\VolleyBall_Analytics\codeigniter4\public\index.php(37): CodeIgniter\CodeIgniter->run()
#5 {main}
CRITICAL - 2022-01-11 10:12:09 --> syntax error, unexpected token "as", expecting "->" or "?->" or "{" or "["
#0 C:\xampp\htdocs\VolleyBall_Analytics\codeigniter4\system\Router\Router.php(175): CodeIgniter\Router\Router->autoRoute('Team/getTeams')
#1 C:\xampp\htdocs\VolleyBall_Analytics\codeigniter4\system\CodeIgniter.php(719): CodeIgniter\Router\Router->handle('Team/getTeams')
#2 C:\xampp\htdocs\VolleyBall_Analytics\codeigniter4\system\CodeIgniter.php(361): CodeIgniter\CodeIgniter->tryToRouteIt(Object(CodeIgniter\Router\RouteCollection))
#3 C:\xampp\htdocs\VolleyBall_Analytics\codeigniter4\system\CodeIgniter.php(320): CodeIgniter\CodeIgniter->handleRequest(NULL, Object(Config\Cache), false)
#4 C:\xampp\htdocs\VolleyBall_Analytics\codeigniter4\public\index.php(37): CodeIgniter\CodeIgniter->run()
#5 {main}
CRITICAL - 2022-01-11 10:12:22 --> syntax error, unexpected token "as", expecting "->" or "?->" or "{" or "["
#0 C:\xampp\htdocs\VolleyBall_Analytics\codeigniter4\system\Router\Router.php(175): CodeIgniter\Router\Router->autoRoute('Team/getTeams')
#1 C:\xampp\htdocs\VolleyBall_Analytics\codeigniter4\system\CodeIgniter.php(719): CodeIgniter\Router\Router->handle('Team/getTeams')
#2 C:\xampp\htdocs\VolleyBall_Analytics\codeigniter4\system\CodeIgniter.php(361): CodeIgniter\CodeIgniter->tryToRouteIt(Object(CodeIgniter\Router\RouteCollection))
#3 C:\xampp\htdocs\VolleyBall_Analytics\codeigniter4\system\CodeIgniter.php(320): CodeIgniter\CodeIgniter->handleRequest(NULL, Object(Config\Cache), false)
#4 C:\xampp\htdocs\VolleyBall_Analytics\codeigniter4\public\index.php(37): CodeIgniter\CodeIgniter->run()
#5 {main}
CRITICAL - 2022-01-11 10:27:13 --> syntax error, unexpected token "as", expecting "->" or "?->" or "{" or "["
#0 C:\xampp\htdocs\VolleyBall_Analytics\codeigniter4\system\Router\Router.php(175): CodeIgniter\Router\Router->autoRoute('Team/getTeams')
#1 C:\xampp\htdocs\VolleyBall_Analytics\codeigniter4\system\CodeIgniter.php(719): CodeIgniter\Router\Router->handle('Team/getTeams')
#2 C:\xampp\htdocs\VolleyBall_Analytics\codeigniter4\system\CodeIgniter.php(361): CodeIgniter\CodeIgniter->tryToRouteIt(Object(CodeIgniter\Router\RouteCollection))
#3 C:\xampp\htdocs\VolleyBall_Analytics\codeigniter4\system\CodeIgniter.php(320): CodeIgniter\CodeIgniter->handleRequest(NULL, Object(Config\Cache), false)
#4 C:\xampp\htdocs\VolleyBall_Analytics\codeigniter4\public\index.php(37): CodeIgniter\CodeIgniter->run()
#5 {main}
CRITICAL - 2022-01-11 10:27:21 --> syntax error, unexpected token "as", expecting "->" or "?->" or "{" or "["
#0 C:\xampp\htdocs\VolleyBall_Analytics\codeigniter4\system\Router\Router.php(175): CodeIgniter\Router\Router->autoRoute('Team/getTeams')
#1 C:\xampp\htdocs\VolleyBall_Analytics\codeigniter4\system\CodeIgniter.php(719): CodeIgniter\Router\Router->handle('Team/getTeams')
#2 C:\xampp\htdocs\VolleyBall_Analytics\codeigniter4\system\CodeIgniter.php(361): CodeIgniter\CodeIgniter->tryToRouteIt(Object(CodeIgniter\Router\RouteCollection))
#3 C:\xampp\htdocs\VolleyBall_Analytics\codeigniter4\system\CodeIgniter.php(320): CodeIgniter\CodeIgniter->handleRequest(NULL, Object(Config\Cache), false)
#4 C:\xampp\htdocs\VolleyBall_Analytics\codeigniter4\public\index.php(37): CodeIgniter\CodeIgniter->run()
#5 {main}
CRITICAL - 2022-01-11 10:29:54 --> syntax error, unexpected token "as", expecting "->" or "?->" or "{" or "["
#0 C:\xampp\htdocs\VolleyBall_Analytics\codeigniter4\system\Router\Router.php(175): CodeIgniter\Router\Router->autoRoute('Team/getTeams')
#1 C:\xampp\htdocs\VolleyBall_Analytics\codeigniter4\system\CodeIgniter.php(719): CodeIgniter\Router\Router->handle('Team/getTeams')
#2 C:\xampp\htdocs\VolleyBall_Analytics\codeigniter4\system\CodeIgniter.php(361): CodeIgniter\CodeIgniter->tryToRouteIt(Object(CodeIgniter\Router\RouteCollection))
#3 C:\xampp\htdocs\VolleyBall_Analytics\codeigniter4\system\CodeIgniter.php(320): CodeIgniter\CodeIgniter->handleRequest(NULL, Object(Config\Cache), false)
#4 C:\xampp\htdocs\VolleyBall_Analytics\codeigniter4\public\index.php(37): CodeIgniter\CodeIgniter->run()
#5 {main}
CRITICAL - 2022-01-11 10:38:58 --> syntax error, unexpected token "as", expecting "->" or "?->" or "{" or "["
#0 C:\xampp\htdocs\VolleyBall_Analytics\codeigniter4\system\Router\Router.php(175): CodeIgniter\Router\Router->autoRoute('Team/getTeams')
#1 C:\xampp\htdocs\VolleyBall_Analytics\codeigniter4\system\CodeIgniter.php(719): CodeIgniter\Router\Router->handle('Team/getTeams')
#2 C:\xampp\htdocs\VolleyBall_Analytics\codeigniter4\system\CodeIgniter.php(361): CodeIgniter\CodeIgniter->tryToRouteIt(Object(CodeIgniter\Router\RouteCollection))
#3 C:\xampp\htdocs\VolleyBall_Analytics\codeigniter4\system\CodeIgniter.php(320): CodeIgniter\CodeIgniter->handleRequest(NULL, Object(Config\Cache), false)
#4 C:\xampp\htdocs\VolleyBall_Analytics\codeigniter4\public\index.php(37): CodeIgniter\CodeIgniter->run()
#5 {main}
CRITICAL - 2022-01-11 10:40:15 --> syntax error, unexpected token "as", expecting "->" or "?->" or "{" or "["
#0 C:\xampp\htdocs\VolleyBall_Analytics\codeigniter4\system\Router\Router.php(175): CodeIgniter\Router\Router->autoRoute('Team/getTeams')
#1 C:\xampp\htdocs\VolleyBall_Analytics\codeigniter4\system\CodeIgniter.php(719): CodeIgniter\Router\Router->handle('Team/getTeams')
#2 C:\xampp\htdocs\VolleyBall_Analytics\codeigniter4\system\CodeIgniter.php(361): CodeIgniter\CodeIgniter->tryToRouteIt(Object(CodeIgniter\Router\RouteCollection))
#3 C:\xampp\htdocs\VolleyBall_Analytics\codeigniter4\system\CodeIgniter.php(320): CodeIgniter\CodeIgniter->handleRequest(NULL, Object(Config\Cache), false)
#4 C:\xampp\htdocs\VolleyBall_Analytics\codeigniter4\public\index.php(37): CodeIgniter\CodeIgniter->run()
#5 {main}
CRITICAL - 2022-01-11 10:40:36 --> syntax error, unexpected token "as", expecting "->" or "?->" or "{" or "["
#0 C:\xampp\htdocs\VolleyBall_Analytics\codeigniter4\system\Router\Router.php(175): CodeIgniter\Router\Router->autoRoute('Team/getTeams')
#1 C:\xampp\htdocs\VolleyBall_Analytics\codeigniter4\system\CodeIgniter.php(719): CodeIgniter\Router\Router->handle('Team/getTeams')
#2 C:\xampp\htdocs\VolleyBall_Analytics\codeigniter4\system\CodeIgniter.php(361): CodeIgniter\CodeIgniter->tryToRouteIt(Object(CodeIgniter\Router\RouteCollection))
#3 C:\xampp\htdocs\VolleyBall_Analytics\codeigniter4\system\CodeIgniter.php(320): CodeIgniter\CodeIgniter->handleRequest(NULL, Object(Config\Cache), false)
#4 C:\xampp\htdocs\VolleyBall_Analytics\codeigniter4\public\index.php(37): CodeIgniter\CodeIgniter->run()
#5 {main}
CRITICAL - 2022-01-11 10:41:00 --> syntax error, unexpected token "=>"
#0 C:\xampp\htdocs\VolleyBall_Analytics\codeigniter4\system\Router\Router.php(175): CodeIgniter\Router\Router->autoRoute('Team/getTeams')
#1 C:\xampp\htdocs\VolleyBall_Analytics\codeigniter4\system\CodeIgniter.php(719): CodeIgniter\Router\Router->handle('Team/getTeams')
#2 C:\xampp\htdocs\VolleyBall_Analytics\codeigniter4\system\CodeIgniter.php(361): CodeIgniter\CodeIgniter->tryToRouteIt(Object(CodeIgniter\Router\RouteCollection))
#3 C:\xampp\htdocs\VolleyBall_Analytics\codeigniter4\system\CodeIgniter.php(320): CodeIgniter\CodeIgniter->handleRequest(NULL, Object(Config\Cache), false)
#4 C:\xampp\htdocs\VolleyBall_Analytics\codeigniter4\public\index.php(37): CodeIgniter\CodeIgniter->run()
#5 {main}
CRITICAL - 2022-01-11 10:41:22 --> Too few arguments to function App\Controllers\Team::getTeams(), 0 passed in C:\xampp\htdocs\VolleyBall_Analytics\codeigniter4\system\CodeIgniter.php on line 825 and exactly 1 expected
#0 C:\xampp\htdocs\VolleyBall_Analytics\codeigniter4\system\CodeIgniter.php(825): App\Controllers\Team->getTeams()
#1 C:\xampp\htdocs\VolleyBall_Analytics\codeigniter4\system\CodeIgniter.php(412): CodeIgniter\CodeIgniter->runController(Object(App\Controllers\Team))
#2 C:\xampp\htdocs\VolleyBall_Analytics\codeigniter4\system\CodeIgniter.php(320): CodeIgniter\CodeIgniter->handleRequest(NULL, Object(Config\Cache), false)
#3 C:\xampp\htdocs\VolleyBall_Analytics\codeigniter4\public\index.php(37): CodeIgniter\CodeIgniter->run()
#4 {main}
CRITICAL - 2022-01-11 10:42:54 --> Undefined variable $request
#0 C:\xampp\htdocs\VolleyBall_Analytics\codeigniter4\app\Controllers\Team.php(23): CodeIgniter\Debug\Exceptions->errorHandler(2, 'Undefined varia...', 'C:\\xampp\\htdocs...', 23)
#1 C:\xampp\htdocs\VolleyBall_Analytics\codeigniter4\system\CodeIgniter.php(825): App\Controllers\Team->getTeams()
#2 C:\xampp\htdocs\VolleyBall_Analytics\codeigniter4\system\CodeIgniter.php(412): CodeIgniter\CodeIgniter->runController(Object(App\Controllers\Team))
#3 C:\xampp\htdocs\VolleyBall_Analytics\codeigniter4\system\CodeIgniter.php(320): CodeIgniter\CodeIgniter->handleRequest(NULL, Object(Config\Cache), false)
#4 C:\xampp\htdocs\VolleyBall_Analytics\codeigniter4\public\index.php(37): CodeIgniter\CodeIgniter->run()
#5 {main}
CRITICAL - 2022-01-11 10:53:15 --> Undefined variable $request
#0 C:\xampp\htdocs\VolleyBall_Analytics\codeigniter4\app\Controllers\Team.php(22): CodeIgniter\Debug\Exceptions->errorHandler(2, 'Undefined varia...', 'C:\\xampp\\htdocs...', 22)
#1 C:\xampp\htdocs\VolleyBall_Analytics\codeigniter4\system\CodeIgniter.php(825): App\Controllers\Team->getTeams()
#2 C:\xampp\htdocs\VolleyBall_Analytics\codeigniter4\system\CodeIgniter.php(412): CodeIgniter\CodeIgniter->runController(Object(App\Controllers\Team))
#3 C:\xampp\htdocs\VolleyBall_Analytics\codeigniter4\system\CodeIgniter.php(320): CodeIgniter\CodeIgniter->handleRequest(NULL, Object(Config\Cache), false)
#4 C:\xampp\htdocs\VolleyBall_Analytics\codeigniter4\public\index.php(37): CodeIgniter\CodeIgniter->run()
#5 {main}
CRITICAL - 2022-01-11 10:55:18 --> Undefined variable $request
#0 C:\xampp\htdocs\VolleyBall_Analytics\codeigniter4\app\Controllers\Team.php(22): CodeIgniter\Debug\Exceptions->errorHandler(2, 'Undefined varia...', 'C:\\xampp\\htdocs...', 22)
#1 C:\xampp\htdocs\VolleyBall_Analytics\codeigniter4\system\CodeIgniter.php(825): App\Controllers\Team->getTeams()
#2 C:\xampp\htdocs\VolleyBall_Analytics\codeigniter4\system\CodeIgniter.php(412): CodeIgniter\CodeIgniter->runController(Object(App\Controllers\Team))
#3 C:\xampp\htdocs\VolleyBall_Analytics\codeigniter4\system\CodeIgniter.php(320): CodeIgniter\CodeIgniter->handleRequest(NULL, Object(Config\Cache), false)
#4 C:\xampp\htdocs\VolleyBall_Analytics\codeigniter4\public\index.php(37): CodeIgniter\CodeIgniter->run()
#5 {main}
ERROR - 2022-01-11 11:08:43 --> Unknown column 't.name' in 'field list'
CRITICAL - 2022-01-11 11:08:43 --> Call to a member function getResult() on bool
#0 C:\xampp\htdocs\VolleyBall_Analytics\codeigniter4\app\Controllers\Matchs.php(41): App\Models\Player->getPlayersFromTeam('97')
#1 C:\xampp\htdocs\VolleyBall_Analytics\codeigniter4\system\CodeIgniter.php(825): App\Controllers\Matchs->view('2FA001')
#2 C:\xampp\htdocs\VolleyBall_Analytics\codeigniter4\system\CodeIgniter.php(412): CodeIgniter\CodeIgniter->runController(Object(App\Controllers\Matchs))
#3 C:\xampp\htdocs\VolleyBall_Analytics\codeigniter4\system\CodeIgniter.php(320): CodeIgniter\CodeIgniter->handleRequest(NULL, Object(Config\Cache), false)
#4 C:\xampp\htdocs\VolleyBall_Analytics\codeigniter4\public\index.php(37): CodeIgniter\CodeIgniter->run()
#5 {main}
CRITICAL - 2022-01-11 11:28:59 --> Undefined property: stdClass::$firstname
#0 C:\xampp\htdocs\VolleyBall_Analytics\codeigniter4\app\Views\match\view.php(52): CodeIgniter\Debug\Exceptions->errorHandler(2, 'Undefined prope...', 'C:\\xampp\\htdocs...', 52)
#1 C:\xampp\htdocs\VolleyBall_Analytics\codeigniter4\system\View\View.php(210): include('C:\\xampp\\htdocs...')
#2 C:\xampp\htdocs\VolleyBall_Analytics\codeigniter4\system\View\View.php(213): CodeIgniter\View\View->CodeIgniter\View\{closure}()
#3 C:\xampp\htdocs\VolleyBall_Analytics\codeigniter4\system\Common.php(1089): CodeIgniter\View\View->render('match/view', Array, true)
#4 C:\xampp\htdocs\VolleyBall_Analytics\codeigniter4\app\Controllers\Matchs.php(54): view('match/view', Array)
#5 C:\xampp\htdocs\VolleyBall_Analytics\codeigniter4\system\CodeIgniter.php(825): App\Controllers\Matchs->view('2FA001')
#6 C:\xampp\htdocs\VolleyBall_Analytics\codeigniter4\system\CodeIgniter.php(412): CodeIgniter\CodeIgniter->runController(Object(App\Controllers\Matchs))
#7 C:\xampp\htdocs\VolleyBall_Analytics\codeigniter4\system\CodeIgniter.php(320): CodeIgniter\CodeIgniter->handleRequest(NULL, Object(Config\Cache), false)
#8 C:\xampp\htdocs\VolleyBall_Analytics\codeigniter4\public\index.php(37): CodeIgniter\CodeIgniter->run()
#9 {main}
CRITICAL - 2022-01-11 11:41:04 --> syntax error, unexpected token "."
#0 C:\xampp\htdocs\VolleyBall_Analytics\codeigniter4\system\View\View.php(213): CodeIgniter\View\View->CodeIgniter\View\{closure}()
#1 C:\xampp\htdocs\VolleyBall_Analytics\codeigniter4\system\Common.php(1089): CodeIgniter\View\View->render('match/view', Array, true)
#2 C:\xampp\htdocs\VolleyBall_Analytics\codeigniter4\app\Controllers\Matchs.php(54): view('match/view', Array)
#3 C:\xampp\htdocs\VolleyBall_Analytics\codeigniter4\system\CodeIgniter.php(825): App\Controllers\Matchs->view('2FA001')
#4 C:\xampp\htdocs\VolleyBall_Analytics\codeigniter4\system\CodeIgniter.php(412): CodeIgniter\CodeIgniter->runController(Object(App\Controllers\Matchs))
#5 C:\xampp\htdocs\VolleyBall_Analytics\codeigniter4\system\CodeIgniter.php(320): CodeIgniter\CodeIgniter->handleRequest(NULL, Object(Config\Cache), false)
#6 C:\xampp\htdocs\VolleyBall_Analytics\codeigniter4\public\index.php(37): CodeIgniter\CodeIgniter->run()
#7 {main}
CRITICAL - 2022-01-11 11:41:27 --> syntax error, unexpected token "."
#0 C:\xampp\htdocs\VolleyBall_Analytics\codeigniter4\system\View\View.php(213): CodeIgniter\View\View->CodeIgniter\View\{closure}()
#1 C:\xampp\htdocs\VolleyBall_Analytics\codeigniter4\system\Common.php(1089): CodeIgniter\View\View->render('match/view', Array, true)
#2 C:\xampp\htdocs\VolleyBall_Analytics\codeigniter4\app\Controllers\Matchs.php(54): view('match/view', Array)
#3 C:\xampp\htdocs\VolleyBall_Analytics\codeigniter4\system\CodeIgniter.php(825): App\Controllers\Matchs->view('2FA001')
#4 C:\xampp\htdocs\VolleyBall_Analytics\codeigniter4\system\CodeIgniter.php(412): CodeIgniter\CodeIgniter->runController(Object(App\Controllers\Matchs))
#5 C:\xampp\htdocs\VolleyBall_Analytics\codeigniter4\system\CodeIgniter.php(320): CodeIgniter\CodeIgniter->handleRequest(NULL, Object(Config\Cache), false)
#6 C:\xampp\htdocs\VolleyBall_Analytics\codeigniter4\public\index.php(37): CodeIgniter\CodeIgniter->run()
#7 {main}
CRITICAL - 2022-01-11 11:45:19 --> Undefined variable $team2
#0 C:\xampp\htdocs\VolleyBall_Analytics\codeigniter4\app\Views\match\view.php(75): CodeIgniter\Debug\Exceptions->errorHandler(2, 'Undefined varia...', 'C:\\xampp\\htdocs...', 75)
#1 C:\xampp\htdocs\VolleyBall_Analytics\codeigniter4\system\View\View.php(210): include('C:\\xampp\\htdocs...')
#2 C:\xampp\htdocs\VolleyBall_Analytics\codeigniter4\system\View\View.php(213): CodeIgniter\View\View->CodeIgniter\View\{closure}()
#3 C:\xampp\htdocs\VolleyBall_Analytics\codeigniter4\system\Common.php(1089): CodeIgniter\View\View->render('match/view', Array, true)
#4 C:\xampp\htdocs\VolleyBall_Analytics\codeigniter4\app\Controllers\Matchs.php(54): view('match/view', Array)
#5 C:\xampp\htdocs\VolleyBall_Analytics\codeigniter4\system\CodeIgniter.php(825): App\Controllers\Matchs->view('2FA001')
#6 C:\xampp\htdocs\VolleyBall_Analytics\codeigniter4\system\CodeIgniter.php(412): CodeIgniter\CodeIgniter->runController(Object(App\Controllers\Matchs))
#7 C:\xampp\htdocs\VolleyBall_Analytics\codeigniter4\system\CodeIgniter.php(320): CodeIgniter\CodeIgniter->handleRequest(NULL, Object(Config\Cache), false)
#8 C:\xampp\htdocs\VolleyBall_Analytics\codeigniter4\public\index.php(37): CodeIgniter\CodeIgniter->run()
#9 {main}
CRITICAL - 2022-01-11 11:47:42 --> Attempt to read property "t1id" on null
#0 C:\xampp\htdocs\VolleyBall_Analytics\codeigniter4\app\Controllers\Matchs.php(38): CodeIgniter\Debug\Exceptions->errorHandler(2, 'Attempt to read...', 'C:\\xampp\\htdocs...', 38)
#1 C:\xampp\htdocs\VolleyBall_Analytics\codeigniter4\system\CodeIgniter.php(825): App\Controllers\Matchs->view('matchs')
#2 C:\xampp\htdocs\VolleyBall_Analytics\codeigniter4\system\CodeIgniter.php(412): CodeIgniter\CodeIgniter->runController(Object(App\Controllers\Matchs))
#3 C:\xampp\htdocs\VolleyBall_Analytics\codeigniter4\system\CodeIgniter.php(320): CodeIgniter\CodeIgniter->handleRequest(NULL, Object(Config\Cache), false)
#4 C:\xampp\htdocs\VolleyBall_Analytics\codeigniter4\public\index.php(37): CodeIgniter\CodeIgniter->run()
#5 {main}
CRITICAL - 2022-01-11 16:24:07 --> scandir(http://localhost/VolleyBall_Analytics/data): Failed to open directory: not implemented
#0 [internal function]: CodeIgniter\Debug\Exceptions->errorHandler(2, 'scandir(http://...', 'C:\\xampp\\htdocs...', 65)
#1 C:\xampp\htdocs\VolleyBall_Analytics\codeigniter4\app\Controllers\Matchs.php(65): scandir('http://localhos...')
#2 C:\xampp\htdocs\VolleyBall_Analytics\codeigniter4\app\Controllers\Matchs.php(45): App\Controllers\Matchs->getPathMatchPdf('2FA012')
#3 C:\xampp\htdocs\VolleyBall_Analytics\codeigniter4\system\CodeIgniter.php(825): App\Controllers\Matchs->view('2FA012')
#4 C:\xampp\htdocs\VolleyBall_Analytics\codeigniter4\system\CodeIgniter.php(412): CodeIgniter\CodeIgniter->runController(Object(App\Controllers\Matchs))
#5 C:\xampp\htdocs\VolleyBall_Analytics\codeigniter4\system\CodeIgniter.php(320): CodeIgniter\CodeIgniter->handleRequest(NULL, Object(Config\Cache), false)
#6 C:\xampp\htdocs\VolleyBall_Analytics\codeigniter4\public\index.php(37): CodeIgniter\CodeIgniter->run()
#7 {main}
CRITICAL - 2022-01-11 16:29:26 --> Attempt to read property "t1id" on null
#0 C:\xampp\htdocs\VolleyBall_Analytics\codeigniter4\app\Controllers\Matchs.php(38): CodeIgniter\Debug\Exceptions->errorHandler(2, 'Attempt to read...', 'C:\\xampp\\htdocs...', 38)
#1 C:\xampp\htdocs\VolleyBall_Analytics\codeigniter4\system\CodeIgniter.php(825): App\Controllers\Matchs->view('2019-2020')
#2 C:\xampp\htdocs\VolleyBall_Analytics\codeigniter4\system\CodeIgniter.php(412): CodeIgniter\CodeIgniter->runController(Object(App\Controllers\Matchs))
#3 C:\xampp\htdocs\VolleyBall_Analytics\codeigniter4\system\CodeIgniter.php(320): CodeIgniter\CodeIgniter->handleRequest(NULL, Object(Config\Cache), false)
#4 C:\xampp\htdocs\VolleyBall_Analytics\codeigniter4\public\index.php(37): CodeIgniter\CodeIgniter->run()
#5 {main}
CRITICAL - 2022-01-11 16:40:42 --> Call to undefined function App\Controllers\getDirContents()
#0 C:\xampp\htdocs\VolleyBall_Analytics\codeigniter4\app\Controllers\Matchs.php(45): App\Controllers\Matchs->getPathMatchPdf('2FA012')
#1 C:\xampp\htdocs\VolleyBall_Analytics\codeigniter4\system\CodeIgniter.php(825): App\Controllers\Matchs->view('2FA012')
#2 C:\xampp\htdocs\VolleyBall_Analytics\codeigniter4\system\CodeIgniter.php(412): CodeIgniter\CodeIgniter->runController(Object(App\Controllers\Matchs))
#3 C:\xampp\htdocs\VolleyBall_Analytics\codeigniter4\system\CodeIgniter.php(320): CodeIgniter\CodeIgniter->handleRequest(NULL, Object(Config\Cache), false)
#4 C:\xampp\htdocs\VolleyBall_Analytics\codeigniter4\public\index.php(37): CodeIgniter\CodeIgniter->run()
#5 {main}
CRITICAL - 2022-01-11 16:41:02 --> Call to undefined function App\Controllers\getDirContents()
#0 C:\xampp\htdocs\VolleyBall_Analytics\codeigniter4\app\Controllers\Matchs.php(64): App\Controllers\Matchs->getDirContents('../../data')
#1 C:\xampp\htdocs\VolleyBall_Analytics\codeigniter4\app\Controllers\Matchs.php(45): App\Controllers\Matchs->getPathMatchPdf('2FA012')
#2 C:\xampp\htdocs\VolleyBall_Analytics\codeigniter4\system\CodeIgniter.php(825): App\Controllers\Matchs->view('2FA012')
#3 C:\xampp\htdocs\VolleyBall_Analytics\codeigniter4\system\CodeIgniter.php(412): CodeIgniter\CodeIgniter->runController(Object(App\Controllers\Matchs))
#4 C:\xampp\htdocs\VolleyBall_Analytics\codeigniter4\system\CodeIgniter.php(320): CodeIgniter\CodeIgniter->handleRequest(NULL, Object(Config\Cache), false)
#5 C:\xampp\htdocs\VolleyBall_Analytics\codeigniter4\public\index.php(37): CodeIgniter\CodeIgniter->run()
#6 {main}
CRITICAL - 2022-01-11 16:45:22 --> Call to undefined function App\Controllers\getDirContents()
#0 C:\xampp\htdocs\VolleyBall_Analytics\codeigniter4\app\Controllers\Matchs.php(64): App\Controllers\Matchs->getDirContents('../../data')
#1 C:\xampp\htdocs\VolleyBall_Analytics\codeigniter4\app\Controllers\Matchs.php(45): App\Controllers\Matchs->getPathMatchPdf('2FA012')
#2 C:\xampp\htdocs\VolleyBall_Analytics\codeigniter4\system\CodeIgniter.php(825): App\Controllers\Matchs->view('2FA012')
#3 C:\xampp\htdocs\VolleyBall_Analytics\codeigniter4\system\CodeIgniter.php(412): CodeIgniter\CodeIgniter->runController(Object(App\Controllers\Matchs))
#4 C:\xampp\htdocs\VolleyBall_Analytics\codeigniter4\system\CodeIgniter.php(320): CodeIgniter\CodeIgniter->handleRequest(NULL, Object(Config\Cache), false)
#5 C:\xampp\htdocs\VolleyBall_Analytics\codeigniter4\public\index.php(37): CodeIgniter\CodeIgniter->run()
#6 {main}
CRITICAL - 2022-01-11 16:47:47 --> strpos(): Argument #1 ($haystack) must be of type string, array given
#0 C:\xampp\htdocs\VolleyBall_Analytics\codeigniter4\app\Controllers\Matchs.php(81): strpos(Array, 'C:\\xampp\\htdocs...')
#1 C:\xampp\htdocs\VolleyBall_Analytics\codeigniter4\app\Controllers\Matchs.php(87): App\Controllers\Matchs->getDirContents('C:\\xampp\\htdocs...', Array)
#2 C:\xampp\htdocs\VolleyBall_Analytics\codeigniter4\app\Controllers\Matchs.php(87): App\Controllers\Matchs->getDirContents('C:\\xampp\\htdocs...', Array)
#3 C:\xampp\htdocs\VolleyBall_Analytics\codeigniter4\app\Controllers\Matchs.php(64): App\Controllers\Matchs->getDirContents('../../data', '2FA012')
#4 C:\xampp\htdocs\VolleyBall_Analytics\codeigniter4\app\Controllers\Matchs.php(45): App\Controllers\Matchs->getPathMatchPdf('2FA012')
#5 C:\xampp\htdocs\VolleyBall_Analytics\codeigniter4\system\CodeIgniter.php(825): App\Controllers\Matchs->view('2FA012')
#6 C:\xampp\htdocs\VolleyBall_Analytics\codeigniter4\system\CodeIgniter.php(412): CodeIgniter\CodeIgniter->runController(Object(App\Controllers\Matchs))
#7 C:\xampp\htdocs\VolleyBall_Analytics\codeigniter4\system\CodeIgniter.php(320): CodeIgniter\CodeIgniter->handleRequest(NULL, Object(Config\Cache), false)
#8 C:\xampp\htdocs\VolleyBall_Analytics\codeigniter4\public\index.php(37): CodeIgniter\CodeIgniter->run()
#9 {main}
CRITICAL - 2022-01-11 16:48:29 --> strpos(): Argument #1 ($haystack) must be of type string, array given
#0 C:\xampp\htdocs\VolleyBall_Analytics\codeigniter4\app\Controllers\Matchs.php(81): strpos(Array, 'C:\\xampp\\htdocs...')
#1 C:\xampp\htdocs\VolleyBall_Analytics\codeigniter4\app\Controllers\Matchs.php(87): App\Controllers\Matchs->getDirContents('C:\\xampp\\htdocs...', Array)
#2 C:\xampp\htdocs\VolleyBall_Analytics\codeigniter4\app\Controllers\Matchs.php(87): App\Controllers\Matchs->getDirContents('C:\\xampp\\htdocs...', Array)
#3 C:\xampp\htdocs\VolleyBall_Analytics\codeigniter4\app\Controllers\Matchs.php(64): App\Controllers\Matchs->getDirContents('../../data', '2FA012')
#4 C:\xampp\htdocs\VolleyBall_Analytics\codeigniter4\app\Controllers\Matchs.php(45): App\Controllers\Matchs->getPathMatchPdf('2FA012')
#5 C:\xampp\htdocs\VolleyBall_Analytics\codeigniter4\system\CodeIgniter.php(825): App\Controllers\Matchs->view('2FA012')
#6 C:\xampp\htdocs\VolleyBall_Analytics\codeigniter4\system\CodeIgniter.php(412): CodeIgniter\CodeIgniter->runController(Object(App\Controllers\Matchs))
#7 C:\xampp\htdocs\VolleyBall_Analytics\codeigniter4\system\CodeIgniter.php(320): CodeIgniter\CodeIgniter->handleRequest(NULL, Object(Config\Cache), false)
#8 C:\xampp\htdocs\VolleyBall_Analytics\codeigniter4\public\index.php(37): CodeIgniter\CodeIgniter->run()
#9 {main}
CRITICAL - 2022-01-11 16:49:01 --> strpos(): Argument #1 ($haystack) must be of type string, array given
#0 C:\xampp\htdocs\VolleyBall_Analytics\codeigniter4\app\Controllers\Matchs.php(85): strpos(Array, 'C:\\xampp\\htdocs...')
#1 C:\xampp\htdocs\VolleyBall_Analytics\codeigniter4\app\Controllers\Matchs.php(91): App\Controllers\Matchs->getDirContents('C:\\xampp\\htdocs...', Array)
#2 C:\xampp\htdocs\VolleyBall_Analytics\codeigniter4\app\Controllers\Matchs.php(91): App\Controllers\Matchs->getDirContents('C:\\xampp\\htdocs...', Array)
#3 C:\xampp\htdocs\VolleyBall_Analytics\codeigniter4\app\Controllers\Matchs.php(64): App\Controllers\Matchs->getDirContents('../../data', '2FA012')
#4 C:\xampp\htdocs\VolleyBall_Analytics\codeigniter4\app\Controllers\Matchs.php(45): App\Controllers\Matchs->getPathMatchPdf('2FA012')
#5 C:\xampp\htdocs\VolleyBall_Analytics\codeigniter4\system\CodeIgniter.php(825): App\Controllers\Matchs->view('2FA012')
#6 C:\xampp\htdocs\VolleyBall_Analytics\codeigniter4\system\CodeIgniter.php(412): CodeIgniter\CodeIgniter->runController(Object(App\Controllers\Matchs))
#7 C:\xampp\htdocs\VolleyBall_Analytics\codeigniter4\system\CodeIgniter.php(320): CodeIgniter\CodeIgniter->handleRequest(NULL, Object(Config\Cache), false)
#8 C:\xampp\htdocs\VolleyBall_Analytics\codeigniter4\public\index.php(37): CodeIgniter\CodeIgniter->run()
#9 {main}
CRITICAL - 2022-01-11 16:55:33 --> syntax error, unexpected token ","
#0 C:\xampp\htdocs\VolleyBall_Analytics\codeigniter4\system\Router\Router.php(175): CodeIgniter\Router\Router->autoRoute('matchs/view/2FA...')
#1 C:\xampp\htdocs\VolleyBall_Analytics\codeigniter4\system\CodeIgniter.php(719): CodeIgniter\Router\Router->handle('matchs/view/2FA...')
#2 C:\xampp\htdocs\VolleyBall_Analytics\codeigniter4\system\CodeIgniter.php(361): CodeIgniter\CodeIgniter->tryToRouteIt(Object(CodeIgniter\Router\RouteCollection))
#3 C:\xampp\htdocs\VolleyBall_Analytics\codeigniter4\system\CodeIgniter.php(320): CodeIgniter\CodeIgniter->handleRequest(NULL, Object(Config\Cache), false)
#4 C:\xampp\htdocs\VolleyBall_Analytics\codeigniter4\public\index.php(37): CodeIgniter\CodeIgniter->run()
#5 {main}
CRITICAL - 2022-01-11 16:56:52 --> syntax error, unexpected variable "$pdfs"
#0 C:\xampp\htdocs\VolleyBall_Analytics\codeigniter4\system\Router\Router.php(175): CodeIgniter\Router\Router->autoRoute('matchs/view/2FA...')
#1 C:\xampp\htdocs\VolleyBall_Analytics\codeigniter4\system\CodeIgniter.php(719): CodeIgniter\Router\Router->handle('matchs/view/2FA...')
#2 C:\xampp\htdocs\VolleyBall_Analytics\codeigniter4\system\CodeIgniter.php(361): CodeIgniter\CodeIgniter->tryToRouteIt(Object(CodeIgniter\Router\RouteCollection))
#3 C:\xampp\htdocs\VolleyBall_Analytics\codeigniter4\system\CodeIgniter.php(320): CodeIgniter\CodeIgniter->handleRequest(NULL, Object(Config\Cache), false)
#4 C:\xampp\htdocs\VolleyBall_Analytics\codeigniter4\public\index.php(37): CodeIgniter\CodeIgniter->run()
#5 {main}
CRITICAL - 2022-01-11 16:57:04 --> Call to undefined function App\Controllers\vaar_dump()
#0 C:\xampp\htdocs\VolleyBall_Analytics\codeigniter4\app\Controllers\Matchs.php(46): App\Controllers\Matchs->getPathMatchPdf('2FA012')
#1 C:\xampp\htdocs\VolleyBall_Analytics\codeigniter4\system\CodeIgniter.php(825): App\Controllers\Matchs->view('2FA012')
#2 C:\xampp\htdocs\VolleyBall_Analytics\codeigniter4\system\CodeIgniter.php(412): CodeIgniter\CodeIgniter->runController(Object(App\Controllers\Matchs))
#3 C:\xampp\htdocs\VolleyBall_Analytics\codeigniter4\system\CodeIgniter.php(320): CodeIgniter\CodeIgniter->handleRequest(NULL, Object(Config\Cache), false)
#4 C:\xampp\htdocs\VolleyBall_Analytics\codeigniter4\public\index.php(37): CodeIgniter\CodeIgniter->run()
#5 {main}
CRITICAL - 2022-01-11 17:01:47 --> syntax error, unexpected variable "$pdfs"
#0 C:\xampp\htdocs\VolleyBall_Analytics\codeigniter4\system\Router\Router.php(175): CodeIgniter\Router\Router->autoRoute('matchs/view/2FA...')
#1 C:\xampp\htdocs\VolleyBall_Analytics\codeigniter4\system\CodeIgniter.php(719): CodeIgniter\Router\Router->handle('matchs/view/2FA...')
#2 C:\xampp\htdocs\VolleyBall_Analytics\codeigniter4\system\CodeIgniter.php(361): CodeIgniter\CodeIgniter->tryToRouteIt(Object(CodeIgniter\Router\RouteCollection))
#3 C:\xampp\htdocs\VolleyBall_Analytics\codeigniter4\system\CodeIgniter.php(320): CodeIgniter\CodeIgniter->handleRequest(NULL, Object(Config\Cache), false)
#4 C:\xampp\htdocs\VolleyBall_Analytics\codeigniter4\public\index.php(37): CodeIgniter\CodeIgniter->run()
#5 {main}
CRITICAL - 2022-01-11 17:02:53 --> Attempt to read property "t1id" on null
#0 C:\xampp\htdocs\VolleyBall_Analytics\codeigniter4\app\Controllers\Matchs.php(39): CodeIgniter\Debug\Exceptions->errorHandler(2, 'Attempt to read...', 'C:\\xampp\\htdocs...', 39)
#1 C:\xampp\htdocs\VolleyBall_Analytics\codeigniter4\system\CodeIgniter.php(825): App\Controllers\Matchs->view('VolleyBall_Anal...', 'data', '2019-2020', 'N2F.A', '2FA012.pdf')
#2 C:\xampp\htdocs\VolleyBall_Analytics\codeigniter4\system\CodeIgniter.php(412): CodeIgniter\CodeIgniter->runController(Object(App\Controllers\Matchs))
#3 C:\xampp\htdocs\VolleyBall_Analytics\codeigniter4\system\CodeIgniter.php(320): CodeIgniter\CodeIgniter->handleRequest(NULL, Object(Config\Cache), false)
#4 C:\xampp\htdocs\VolleyBall_Analytics\codeigniter4\public\index.php(37): CodeIgniter\CodeIgniter->run()
#5 {main}
CRITICAL - 2022-01-11 17:03:06 --> Attempt to read property "t1id" on null
#0 C:\xampp\htdocs\VolleyBall_Analytics\codeigniter4\app\Controllers\Matchs.php(39): CodeIgniter\Debug\Exceptions->errorHandler(2, 'Attempt to read...', 'C:\\xampp\\htdocs...', 39)
#1 C:\xampp\htdocs\VolleyBall_Analytics\codeigniter4\system\CodeIgniter.php(825): App\Controllers\Matchs->view('VolleyBall_Anal...', 'data', '2019-2020', 'N2F.A', '2FA012.pdf')
#2 C:\xampp\htdocs\VolleyBall_Analytics\codeigniter4\system\CodeIgniter.php(412): CodeIgniter\CodeIgniter->runController(Object(App\Controllers\Matchs))
#3 C:\xampp\htdocs\VolleyBall_Analytics\codeigniter4\system\CodeIgniter.php(320): CodeIgniter\CodeIgniter->handleRequest(NULL, Object(Config\Cache), false)
#4 C:\xampp\htdocs\VolleyBall_Analytics\codeigniter4\public\index.php(37): CodeIgniter\CodeIgniter->run()
#5 {main}
CRITICAL - 2022-01-11 17:03:20 --> Attempt to read property "t1id" on null
#0 C:\xampp\htdocs\VolleyBall_Analytics\codeigniter4\app\Controllers\Matchs.php(39): CodeIgniter\Debug\Exceptions->errorHandler(2, 'Attempt to read...', 'C:\\xampp\\htdocs...', 39)
#1 C:\xampp\htdocs\VolleyBall_Analytics\codeigniter4\system\CodeIgniter.php(825): App\Controllers\Matchs->view('VolleyBall_Anal...', 'data', '2019-2020', 'N2F.A', '2FA012.pdf')
#2 C:\xampp\htdocs\VolleyBall_Analytics\codeigniter4\system\CodeIgniter.php(412): CodeIgniter\CodeIgniter->runController(Object(App\Controllers\Matchs))
#3 C:\xampp\htdocs\VolleyBall_Analytics\codeigniter4\system\CodeIgniter.php(320): CodeIgniter\CodeIgniter->handleRequest(NULL, Object(Config\Cache), false)
#4 C:\xampp\htdocs\VolleyBall_Analytics\codeigniter4\public\index.php(37): CodeIgniter\CodeIgniter->run()
#5 {main}
