CRITICAL - 2022-01-22 01:39:10 --> syntax error, unexpected token "if"
#0 C:\xampp\htdocs\VolleyBall_Analytics\codeigniter4\system\Autoloader\Autoloader.php(241): CodeIgniter\Autoloader\Autoloader->includeFile('C:\\xampp\\htdocs...')
#1 C:\xampp\htdocs\VolleyBall_Analytics\codeigniter4\system\Autoloader\Autoloader.php(219): CodeIgniter\Autoloader\Autoloader->loadInNamespace('App\\Models\\Play...')
#2 C:\xampp\htdocs\VolleyBall_Analytics\codeigniter4\app\Controllers\Matchs.php(36): CodeIgniter\Autoloader\Autoloader->loadClass('App\\Models\\Play...')
#3 C:\xampp\htdocs\VolleyBall_Analytics\codeigniter4\system\CodeIgniter.php(825): App\Controllers\Matchs->view('PMAA010')
#4 C:\xampp\htdocs\VolleyBall_Analytics\codeigniter4\system\CodeIgniter.php(412): CodeIgniter\CodeIgniter->runController(Object(App\Controllers\Matchs))
#5 C:\xampp\htdocs\VolleyBall_Analytics\codeigniter4\system\CodeIgniter.php(320): CodeIgniter\CodeIgniter->handleRequest(NULL, Object(Config\Cache), false)
#6 C:\xampp\htdocs\VolleyBall_Analytics\codeigniter4\public\index.php(37): CodeIgniter\CodeIgniter->run()
#7 {main}
CRITICAL - 2022-01-22 01:39:26 --> syntax error, unexpected variable "$params"
#0 C:\xampp\htdocs\VolleyBall_Analytics\codeigniter4\system\Autoloader\Autoloader.php(241): CodeIgniter\Autoloader\Autoloader->includeFile('C:\\xampp\\htdocs...')
#1 C:\xampp\htdocs\VolleyBall_Analytics\codeigniter4\system\Autoloader\Autoloader.php(219): CodeIgniter\Autoloader\Autoloader->loadInNamespace('App\\Models\\Play...')
#2 C:\xampp\htdocs\VolleyBall_Analytics\codeigniter4\app\Controllers\Matchs.php(36): CodeIgniter\Autoloader\Autoloader->loadClass('App\\Models\\Play...')
#3 C:\xampp\htdocs\VolleyBall_Analytics\codeigniter4\system\CodeIgniter.php(825): App\Controllers\Matchs->view('PMAA010')
#4 C:\xampp\htdocs\VolleyBall_Analytics\codeigniter4\system\CodeIgniter.php(412): CodeIgniter\CodeIgniter->runController(Object(App\Controllers\Matchs))
#5 C:\xampp\htdocs\VolleyBall_Analytics\codeigniter4\system\CodeIgniter.php(320): CodeIgniter\CodeIgniter->handleRequest(NULL, Object(Config\Cache), false)
#6 C:\xampp\htdocs\VolleyBall_Analytics\codeigniter4\public\index.php(37): CodeIgniter\CodeIgniter->run()
#7 {main}
ERROR - 2022-01-22 01:39:44 --> You have an error in your SQL syntax; check the manual that corresponds to your MariaDB server version for the right syntax to use near '?;
         AND tp.team_id = ?' at line 9
CRITICAL - 2022-01-22 01:39:44 --> Call to a member function getResult() on bool
#0 C:\xampp\htdocs\VolleyBall_Analytics\codeigniter4\app\Controllers\Matchs.php(47): App\Models\Player->getPlayersFromMatch('PMAA010', '116')
#1 C:\xampp\htdocs\VolleyBall_Analytics\codeigniter4\system\CodeIgniter.php(825): App\Controllers\Matchs->view('PMAA010')
#2 C:\xampp\htdocs\VolleyBall_Analytics\codeigniter4\system\CodeIgniter.php(412): CodeIgniter\CodeIgniter->runController(Object(App\Controllers\Matchs))
#3 C:\xampp\htdocs\VolleyBall_Analytics\codeigniter4\system\CodeIgniter.php(320): CodeIgniter\CodeIgniter->handleRequest(NULL, Object(Config\Cache), false)
#4 C:\xampp\htdocs\VolleyBall_Analytics\codeigniter4\public\index.php(37): CodeIgniter\CodeIgniter->run()
#5 {main}
ERROR - 2022-01-22 01:40:29 --> You have an error in your SQL syntax; check the manual that corresponds to your MariaDB server version for the right syntax to use near '?;
         AND tp.team_id = ?' at line 9
ERROR - 2022-01-22 01:40:41 --> You have an error in your SQL syntax; check the manual that corresponds to your MariaDB server version for the right syntax to use near '?
         AND tp.team_id = ?' at line 9
ERROR - 2022-01-22 01:40:46 --> You have an error in your SQL syntax; check the manual that corresponds to your MariaDB server version for the right syntax to use near '?
         AND tp.team_id = ?' at line 9
CRITICAL - 2022-01-22 01:40:46 --> Call to a member function getResult() on bool
#0 C:\xampp\htdocs\VolleyBall_Analytics\codeigniter4\app\Controllers\Matchs.php(47): App\Models\Player->getPlayersFromMatch('PMAA010', '116')
#1 C:\xampp\htdocs\VolleyBall_Analytics\codeigniter4\system\CodeIgniter.php(825): App\Controllers\Matchs->view('PMAA010')
#2 C:\xampp\htdocs\VolleyBall_Analytics\codeigniter4\system\CodeIgniter.php(412): CodeIgniter\CodeIgniter->runController(Object(App\Controllers\Matchs))
#3 C:\xampp\htdocs\VolleyBall_Analytics\codeigniter4\system\CodeIgniter.php(320): CodeIgniter\CodeIgniter->handleRequest(NULL, Object(Config\Cache), false)
#4 C:\xampp\htdocs\VolleyBall_Analytics\codeigniter4\public\index.php(37): CodeIgniter\CodeIgniter->run()
#5 {main}
ERROR - 2022-01-22 01:40:51 --> You have an error in your SQL syntax; check the manual that corresponds to your MariaDB server version for the right syntax to use near '?
         AND tp.team_id = ?' at line 9
ERROR - 2022-01-22 01:41:12 --> Unknown column 'p.licence' in 'field list'
ERROR - 2022-01-22 01:41:17 --> Unknown column 'p.licence' in 'field list'
CRITICAL - 2022-01-22 01:41:17 --> Call to a member function getResult() on bool
#0 C:\xampp\htdocs\VolleyBall_Analytics\codeigniter4\app\Controllers\Matchs.php(47): App\Models\Player->getPlayersFromMatch('PMAA010', '116')
#1 C:\xampp\htdocs\VolleyBall_Analytics\codeigniter4\system\CodeIgniter.php(825): App\Controllers\Matchs->view('PMAA010')
#2 C:\xampp\htdocs\VolleyBall_Analytics\codeigniter4\system\CodeIgniter.php(412): CodeIgniter\CodeIgniter->runController(Object(App\Controllers\Matchs))
#3 C:\xampp\htdocs\VolleyBall_Analytics\codeigniter4\system\CodeIgniter.php(320): CodeIgniter\CodeIgniter->handleRequest(NULL, Object(Config\Cache), false)
#4 C:\xampp\htdocs\VolleyBall_Analytics\codeigniter4\public\index.php(37): CodeIgniter\CodeIgniter->run()
#5 {main}
ERROR - 2022-01-22 01:41:22 --> Unknown column 'p.licence' in 'field list'
ERROR - 2022-01-22 02:03:08 --> Table 'sport_analytics.op' doesn't exist
CRITICAL - 2022-01-22 02:03:08 --> Call to a member function getResult() on bool
#0 C:\xampp\htdocs\VolleyBall_Analytics\codeigniter4\app\Controllers\Matchs.php(47): App\Models\Player->getPlayersFromMatch('PMAA010', '1')
#1 C:\xampp\htdocs\VolleyBall_Analytics\codeigniter4\system\CodeIgniter.php(825): App\Controllers\Matchs->view('PMAA010')
#2 C:\xampp\htdocs\VolleyBall_Analytics\codeigniter4\system\CodeIgniter.php(412): CodeIgniter\CodeIgniter->runController(Object(App\Controllers\Matchs))
#3 C:\xampp\htdocs\VolleyBall_Analytics\codeigniter4\system\CodeIgniter.php(320): CodeIgniter\CodeIgniter->handleRequest(NULL, Object(Config\Cache), false)
#4 C:\xampp\htdocs\VolleyBall_Analytics\codeigniter4\public\index.php(37): CodeIgniter\CodeIgniter->run()
#5 {main}
ERROR - 2022-01-22 02:03:33 --> Table 'sport_analytics.op' doesn't exist
CRITICAL - 2022-01-22 02:06:32 --> syntax error, unexpected variable "$sql"
#0 C:\xampp\htdocs\VolleyBall_Analytics\codeigniter4\system\Autoloader\Autoloader.php(241): CodeIgniter\Autoloader\Autoloader->includeFile('C:\\xampp\\htdocs...')
#1 C:\xampp\htdocs\VolleyBall_Analytics\codeigniter4\system\Autoloader\Autoloader.php(219): CodeIgniter\Autoloader\Autoloader->loadInNamespace('App\\Models\\Play...')
#2 C:\xampp\htdocs\VolleyBall_Analytics\codeigniter4\app\Controllers\Matchs.php(36): CodeIgniter\Autoloader\Autoloader->loadClass('App\\Models\\Play...')
#3 C:\xampp\htdocs\VolleyBall_Analytics\codeigniter4\system\CodeIgniter.php(825): App\Controllers\Matchs->view('PMAA010')
#4 C:\xampp\htdocs\VolleyBall_Analytics\codeigniter4\system\CodeIgniter.php(412): CodeIgniter\CodeIgniter->runController(Object(App\Controllers\Matchs))
#5 C:\xampp\htdocs\VolleyBall_Analytics\codeigniter4\system\CodeIgniter.php(320): CodeIgniter\CodeIgniter->handleRequest(NULL, Object(Config\Cache), false)
#6 C:\xampp\htdocs\VolleyBall_Analytics\codeigniter4\public\index.php(37): CodeIgniter\CodeIgniter->run()
#7 {main}
CRITICAL - 2022-01-22 02:06:43 --> syntax error, unexpected variable "$sql"
#0 C:\xampp\htdocs\VolleyBall_Analytics\codeigniter4\system\Autoloader\Autoloader.php(241): CodeIgniter\Autoloader\Autoloader->includeFile('C:\\xampp\\htdocs...')
#1 C:\xampp\htdocs\VolleyBall_Analytics\codeigniter4\system\Autoloader\Autoloader.php(219): CodeIgniter\Autoloader\Autoloader->loadInNamespace('App\\Models\\Play...')
#2 C:\xampp\htdocs\VolleyBall_Analytics\codeigniter4\app\Controllers\Matchs.php(36): CodeIgniter\Autoloader\Autoloader->loadClass('App\\Models\\Play...')
#3 C:\xampp\htdocs\VolleyBall_Analytics\codeigniter4\system\CodeIgniter.php(825): App\Controllers\Matchs->view('PMAA010')
#4 C:\xampp\htdocs\VolleyBall_Analytics\codeigniter4\system\CodeIgniter.php(412): CodeIgniter\CodeIgniter->runController(Object(App\Controllers\Matchs))
#5 C:\xampp\htdocs\VolleyBall_Analytics\codeigniter4\system\CodeIgniter.php(320): CodeIgniter\CodeIgniter->handleRequest(NULL, Object(Config\Cache), false)
#6 C:\xampp\htdocs\VolleyBall_Analytics\codeigniter4\public\index.php(37): CodeIgniter\CodeIgniter->run()
#7 {main}
CRITICAL - 2022-01-22 02:07:12 --> syntax error, unexpected variable "$sql"
#0 C:\xampp\htdocs\VolleyBall_Analytics\codeigniter4\system\Autoloader\Autoloader.php(241): CodeIgniter\Autoloader\Autoloader->includeFile('C:\\xampp\\htdocs...')
#1 C:\xampp\htdocs\VolleyBall_Analytics\codeigniter4\system\Autoloader\Autoloader.php(219): CodeIgniter\Autoloader\Autoloader->loadInNamespace('App\\Models\\Play...')
#2 C:\xampp\htdocs\VolleyBall_Analytics\codeigniter4\app\Controllers\Matchs.php(36): CodeIgniter\Autoloader\Autoloader->loadClass('App\\Models\\Play...')
#3 C:\xampp\htdocs\VolleyBall_Analytics\codeigniter4\system\CodeIgniter.php(825): App\Controllers\Matchs->view('PMAA010')
#4 C:\xampp\htdocs\VolleyBall_Analytics\codeigniter4\system\CodeIgniter.php(412): CodeIgniter\CodeIgniter->runController(Object(App\Controllers\Matchs))
#5 C:\xampp\htdocs\VolleyBall_Analytics\codeigniter4\system\CodeIgniter.php(320): CodeIgniter\CodeIgniter->handleRequest(NULL, Object(Config\Cache), false)
#6 C:\xampp\htdocs\VolleyBall_Analytics\codeigniter4\public\index.php(37): CodeIgniter\CodeIgniter->run()
#7 {main}
CRITICAL - 2022-01-22 02:13:59 --> syntax error, unexpected token "switch"
#0 C:\xampp\htdocs\VolleyBall_Analytics\codeigniter4\app\Controllers\Matchs.php(32): helper(Array)
#1 C:\xampp\htdocs\VolleyBall_Analytics\codeigniter4\system\CodeIgniter.php(825): App\Controllers\Matchs->view('PMAA010')
#2 C:\xampp\htdocs\VolleyBall_Analytics\codeigniter4\system\CodeIgniter.php(412): CodeIgniter\CodeIgniter->runController(Object(App\Controllers\Matchs))
#3 C:\xampp\htdocs\VolleyBall_Analytics\codeigniter4\system\CodeIgniter.php(320): CodeIgniter\CodeIgniter->handleRequest(NULL, Object(Config\Cache), false)
#4 C:\xampp\htdocs\VolleyBall_Analytics\codeigniter4\public\index.php(37): CodeIgniter\CodeIgniter->run()
#5 {main}
CRITICAL - 2022-01-22 02:14:13 --> showPlayerFunction(): Argument #1 ($function_id) must be of type string, null given, called in C:\xampp\htdocs\VolleyBall_Analytics\codeigniter4\app\Views\match\view.php on line 59
#0 C:\xampp\htdocs\VolleyBall_Analytics\codeigniter4\app\Views\match\view.php(59): showPlayerFunction(NULL)
#1 C:\xampp\htdocs\VolleyBall_Analytics\codeigniter4\system\View\View.php(210): include('C:\\xampp\\htdocs...')
#2 C:\xampp\htdocs\VolleyBall_Analytics\codeigniter4\system\View\View.php(213): CodeIgniter\View\View->CodeIgniter\View\{closure}()
#3 C:\xampp\htdocs\VolleyBall_Analytics\codeigniter4\system\Common.php(1089): CodeIgniter\View\View->render('match/view', Array, true)
#4 C:\xampp\htdocs\VolleyBall_Analytics\codeigniter4\app\Controllers\Matchs.php(62): view('match/view', Array)
#5 C:\xampp\htdocs\VolleyBall_Analytics\codeigniter4\system\CodeIgniter.php(825): App\Controllers\Matchs->view('PMAA010')
#6 C:\xampp\htdocs\VolleyBall_Analytics\codeigniter4\system\CodeIgniter.php(412): CodeIgniter\CodeIgniter->runController(Object(App\Controllers\Matchs))
#7 C:\xampp\htdocs\VolleyBall_Analytics\codeigniter4\system\CodeIgniter.php(320): CodeIgniter\CodeIgniter->handleRequest(NULL, Object(Config\Cache), false)
#8 C:\xampp\htdocs\VolleyBall_Analytics\codeigniter4\public\index.php(37): CodeIgniter\CodeIgniter->run()
#9 {main}
CRITICAL - 2022-01-22 02:14:50 --> showPlayerFunction(): Argument #1 ($function_id) must be of type string, null given, called in C:\xampp\htdocs\VolleyBall_Analytics\codeigniter4\app\Views\match\view.php on line 59
#0 C:\xampp\htdocs\VolleyBall_Analytics\codeigniter4\app\Views\match\view.php(59): showPlayerFunction(NULL)
#1 C:\xampp\htdocs\VolleyBall_Analytics\codeigniter4\system\View\View.php(210): include('C:\\xampp\\htdocs...')
#2 C:\xampp\htdocs\VolleyBall_Analytics\codeigniter4\system\View\View.php(213): CodeIgniter\View\View->CodeIgniter\View\{closure}()
#3 C:\xampp\htdocs\VolleyBall_Analytics\codeigniter4\system\Common.php(1089): CodeIgniter\View\View->render('match/view', Array, true)
#4 C:\xampp\htdocs\VolleyBall_Analytics\codeigniter4\app\Controllers\Matchs.php(62): view('match/view', Array)
#5 C:\xampp\htdocs\VolleyBall_Analytics\codeigniter4\system\CodeIgniter.php(825): App\Controllers\Matchs->view('PMAA010')
#6 C:\xampp\htdocs\VolleyBall_Analytics\codeigniter4\system\CodeIgniter.php(412): CodeIgniter\CodeIgniter->runController(Object(App\Controllers\Matchs))
#7 C:\xampp\htdocs\VolleyBall_Analytics\codeigniter4\system\CodeIgniter.php(320): CodeIgniter\CodeIgniter->handleRequest(NULL, Object(Config\Cache), false)
#8 C:\xampp\htdocs\VolleyBall_Analytics\codeigniter4\public\index.php(37): CodeIgniter\CodeIgniter->run()
#9 {main}
CRITICAL - 2022-01-22 02:47:51 --> Too few arguments to function App\Models\Matchs::getSubstitutions(), 1 passed in C:\xampp\htdocs\VolleyBall_Analytics\codeigniter4\app\Controllers\Matchs.php on line 39 and exactly 2 expected
#0 C:\xampp\htdocs\VolleyBall_Analytics\codeigniter4\app\Controllers\Matchs.php(39): App\Models\Matchs->getSubstitutions('PMAA010')
#1 C:\xampp\htdocs\VolleyBall_Analytics\codeigniter4\system\CodeIgniter.php(825): App\Controllers\Matchs->view('PMAA010')
#2 C:\xampp\htdocs\VolleyBall_Analytics\codeigniter4\system\CodeIgniter.php(412): CodeIgniter\CodeIgniter->runController(Object(App\Controllers\Matchs))
#3 C:\xampp\htdocs\VolleyBall_Analytics\codeigniter4\system\CodeIgniter.php(320): CodeIgniter\CodeIgniter->handleRequest(NULL, Object(Config\Cache), false)
#4 C:\xampp\htdocs\VolleyBall_Analytics\codeigniter4\public\index.php(37): CodeIgniter\CodeIgniter->run()
#5 {main}
