ERROR - 2022-02-05 02:47:38 --> Error connecting to the database: Aucune connexion n’a pu être établie car l’ordinateur cible l’a expressément refusée
CRITICAL - 2022-02-05 02:47:38 --> Unable to connect to the database.
Main connection [MySQLi]: Aucune connexion n’a pu être établie car l’ordinateur cible l’a expressément refusée
#0 C:\xampp\htdocs\VolleyBall_Analytics\codeigniter4\system\Database\BaseConnection.php(577): CodeIgniter\Database\BaseConnection->initialize()
#1 C:\xampp\htdocs\VolleyBall_Analytics\codeigniter4\app\Models\Player.php(133): CodeIgniter\Database\BaseConnection->query('\r\n        SELEC...', Array)
#2 C:\xampp\htdocs\VolleyBall_Analytics\codeigniter4\app\Controllers\Players.php(54): App\Models\Player->getPlayersListAjax('1', '', '10')
#3 C:\xampp\htdocs\VolleyBall_Analytics\codeigniter4\system\CodeIgniter.php(825): App\Controllers\Players->playerListAjax()
#4 C:\xampp\htdocs\VolleyBall_Analytics\codeigniter4\system\CodeIgniter.php(412): CodeIgniter\CodeIgniter->runController(Object(App\Controllers\Players))
#5 C:\xampp\htdocs\VolleyBall_Analytics\codeigniter4\system\CodeIgniter.php(320): CodeIgniter\CodeIgniter->handleRequest(NULL, Object(Config\Cache), false)
#6 C:\xampp\htdocs\VolleyBall_Analytics\codeigniter4\public\index.php(37): CodeIgniter\CodeIgniter->run()
#7 {main}
ERROR - 2022-02-05 02:47:50 --> Error connecting to the database: Aucune connexion n’a pu être établie car l’ordinateur cible l’a expressément refusée
CRITICAL - 2022-02-05 02:47:50 --> Unable to connect to the database.
Main connection [MySQLi]: Aucune connexion n’a pu être établie car l’ordinateur cible l’a expressément refusée
#0 C:\xampp\htdocs\VolleyBall_Analytics\codeigniter4\system\Database\BaseConnection.php(577): CodeIgniter\Database\BaseConnection->initialize()
#1 C:\xampp\htdocs\VolleyBall_Analytics\codeigniter4\app\Models\Player.php(133): CodeIgniter\Database\BaseConnection->query('\r\n        SELEC...', Array)
#2 C:\xampp\htdocs\VolleyBall_Analytics\codeigniter4\app\Controllers\Players.php(54): App\Models\Player->getPlayersListAjax('1', '', '10')
#3 C:\xampp\htdocs\VolleyBall_Analytics\codeigniter4\system\CodeIgniter.php(825): App\Controllers\Players->playerListAjax()
#4 C:\xampp\htdocs\VolleyBall_Analytics\codeigniter4\system\CodeIgniter.php(412): CodeIgniter\CodeIgniter->runController(Object(App\Controllers\Players))
#5 C:\xampp\htdocs\VolleyBall_Analytics\codeigniter4\system\CodeIgniter.php(320): CodeIgniter\CodeIgniter->handleRequest(NULL, Object(Config\Cache), false)
#6 C:\xampp\htdocs\VolleyBall_Analytics\codeigniter4\public\index.php(37): CodeIgniter\CodeIgniter->run()
#7 {main}
ERROR - 2022-02-05 02:48:17 --> Error connecting to the database: Aucune connexion n’a pu être établie car l’ordinateur cible l’a expressément refusée
CRITICAL - 2022-02-05 02:48:17 --> Unable to connect to the database.
Main connection [MySQLi]: Aucune connexion n’a pu être établie car l’ordinateur cible l’a expressément refusée
#0 C:\xampp\htdocs\VolleyBall_Analytics\codeigniter4\system\Database\BaseConnection.php(577): CodeIgniter\Database\BaseConnection->initialize()
#1 C:\xampp\htdocs\VolleyBall_Analytics\codeigniter4\app\Models\Player.php(133): CodeIgniter\Database\BaseConnection->query('\r\n        SELEC...', Array)
#2 C:\xampp\htdocs\VolleyBall_Analytics\codeigniter4\app\Controllers\Players.php(54): App\Models\Player->getPlayersListAjax('1', '', '10')
#3 C:\xampp\htdocs\VolleyBall_Analytics\codeigniter4\system\CodeIgniter.php(825): App\Controllers\Players->playerListAjax()
#4 C:\xampp\htdocs\VolleyBall_Analytics\codeigniter4\system\CodeIgniter.php(412): CodeIgniter\CodeIgniter->runController(Object(App\Controllers\Players))
#5 C:\xampp\htdocs\VolleyBall_Analytics\codeigniter4\system\CodeIgniter.php(320): CodeIgniter\CodeIgniter->handleRequest(NULL, Object(Config\Cache), false)
#6 C:\xampp\htdocs\VolleyBall_Analytics\codeigniter4\public\index.php(37): CodeIgniter\CodeIgniter->run()
#7 {main}
ERROR - 2022-02-05 02:49:30 --> You have an error in your SQL syntax; check the manual that corresponds to your MariaDB server version for the right syntax to use near ''1', '10'' at line 13
CRITICAL - 2022-02-05 02:49:30 --> Call to a member function getResult() on bool
#0 C:\xampp\htdocs\VolleyBall_Analytics\codeigniter4\app\Controllers\Players.php(54): App\Models\Player->getPlayersListAjax('1', '', '10')
#1 C:\xampp\htdocs\VolleyBall_Analytics\codeigniter4\system\CodeIgniter.php(825): App\Controllers\Players->playerListAjax()
#2 C:\xampp\htdocs\VolleyBall_Analytics\codeigniter4\system\CodeIgniter.php(412): CodeIgniter\CodeIgniter->runController(Object(App\Controllers\Players))
#3 C:\xampp\htdocs\VolleyBall_Analytics\codeigniter4\system\CodeIgniter.php(320): CodeIgniter\CodeIgniter->handleRequest(NULL, Object(Config\Cache), false)
#4 C:\xampp\htdocs\VolleyBall_Analytics\codeigniter4\public\index.php(37): CodeIgniter\CodeIgniter->run()
#5 {main}
ERROR - 2022-02-05 02:49:35 --> You have an error in your SQL syntax; check the manual that corresponds to your MariaDB server version for the right syntax to use near ''1', '10'' at line 13
CRITICAL - 2022-02-05 02:49:35 --> Call to a member function getResult() on bool
#0 C:\xampp\htdocs\VolleyBall_Analytics\codeigniter4\app\Controllers\Players.php(54): App\Models\Player->getPlayersListAjax('1', '', '10')
#1 C:\xampp\htdocs\VolleyBall_Analytics\codeigniter4\system\CodeIgniter.php(825): App\Controllers\Players->playerListAjax()
#2 C:\xampp\htdocs\VolleyBall_Analytics\codeigniter4\system\CodeIgniter.php(412): CodeIgniter\CodeIgniter->runController(Object(App\Controllers\Players))
#3 C:\xampp\htdocs\VolleyBall_Analytics\codeigniter4\system\CodeIgniter.php(320): CodeIgniter\CodeIgniter->handleRequest(NULL, Object(Config\Cache), false)
#4 C:\xampp\htdocs\VolleyBall_Analytics\codeigniter4\public\index.php(37): CodeIgniter\CodeIgniter->run()
#5 {main}
ERROR - 2022-02-05 02:49:43 --> You have an error in your SQL syntax; check the manual that corresponds to your MariaDB server version for the right syntax to use near ''1', '10'' at line 13
CRITICAL - 2022-02-05 02:49:43 --> Call to a member function getResult() on bool
#0 C:\xampp\htdocs\VolleyBall_Analytics\codeigniter4\app\Controllers\Players.php(54): App\Models\Player->getPlayersListAjax('1', '', '10')
#1 C:\xampp\htdocs\VolleyBall_Analytics\codeigniter4\system\CodeIgniter.php(825): App\Controllers\Players->playerListAjax()
#2 C:\xampp\htdocs\VolleyBall_Analytics\codeigniter4\system\CodeIgniter.php(412): CodeIgniter\CodeIgniter->runController(Object(App\Controllers\Players))
#3 C:\xampp\htdocs\VolleyBall_Analytics\codeigniter4\system\CodeIgniter.php(320): CodeIgniter\CodeIgniter->handleRequest(NULL, Object(Config\Cache), false)
#4 C:\xampp\htdocs\VolleyBall_Analytics\codeigniter4\public\index.php(37): CodeIgniter\CodeIgniter->run()
#5 {main}
ERROR - 2022-02-05 02:52:56 --> You have an error in your SQL syntax; check the manual that corresponds to your MariaDB server version for the right syntax to use near ''1', '10'' at line 13
CRITICAL - 2022-02-05 02:52:56 --> Call to a member function getResult() on bool
#0 C:\xampp\htdocs\VolleyBall_Analytics\codeigniter4\app\Controllers\Players.php(54): App\Models\Player->getPlayersListAjax('1', '', '10')
#1 C:\xampp\htdocs\VolleyBall_Analytics\codeigniter4\system\CodeIgniter.php(825): App\Controllers\Players->playerListAjax()
#2 C:\xampp\htdocs\VolleyBall_Analytics\codeigniter4\system\CodeIgniter.php(412): CodeIgniter\CodeIgniter->runController(Object(App\Controllers\Players))
#3 C:\xampp\htdocs\VolleyBall_Analytics\codeigniter4\system\CodeIgniter.php(320): CodeIgniter\CodeIgniter->handleRequest(NULL, Object(Config\Cache), false)
#4 C:\xampp\htdocs\VolleyBall_Analytics\codeigniter4\public\index.php(37): CodeIgniter\CodeIgniter->run()
#5 {main}
ERROR - 2022-02-05 02:53:46 --> You have an error in your SQL syntax; check the manual that corresponds to your MariaDB server version for the right syntax to use near ''1', '10'' at line 13
CRITICAL - 2022-02-05 02:53:46 --> Call to a member function getResult() on bool
#0 C:\xampp\htdocs\VolleyBall_Analytics\codeigniter4\app\Controllers\Players.php(54): App\Models\Player->getPlayersListAjax('1', '', '10')
#1 C:\xampp\htdocs\VolleyBall_Analytics\codeigniter4\system\CodeIgniter.php(825): App\Controllers\Players->playerListAjax()
#2 C:\xampp\htdocs\VolleyBall_Analytics\codeigniter4\system\CodeIgniter.php(412): CodeIgniter\CodeIgniter->runController(Object(App\Controllers\Players))
#3 C:\xampp\htdocs\VolleyBall_Analytics\codeigniter4\system\CodeIgniter.php(320): CodeIgniter\CodeIgniter->handleRequest(NULL, Object(Config\Cache), false)
#4 C:\xampp\htdocs\VolleyBall_Analytics\codeigniter4\public\index.php(37): CodeIgniter\CodeIgniter->run()
#5 {main}
ERROR - 2022-02-05 02:54:15 --> You have an error in your SQL syntax; check the manual that corresponds to your MariaDB server version for the right syntax to use near ''1', '10'' at line 13
CRITICAL - 2022-02-05 02:54:15 --> Call to a member function getResult() on bool
#0 C:\xampp\htdocs\VolleyBall_Analytics\codeigniter4\app\Controllers\Players.php(55): App\Models\Player->getPlayersListAjax('1', '', '10')
#1 C:\xampp\htdocs\VolleyBall_Analytics\codeigniter4\system\CodeIgniter.php(825): App\Controllers\Players->playerListAjax()
#2 C:\xampp\htdocs\VolleyBall_Analytics\codeigniter4\system\CodeIgniter.php(412): CodeIgniter\CodeIgniter->runController(Object(App\Controllers\Players))
#3 C:\xampp\htdocs\VolleyBall_Analytics\codeigniter4\system\CodeIgniter.php(320): CodeIgniter\CodeIgniter->handleRequest(NULL, Object(Config\Cache), false)
#4 C:\xampp\htdocs\VolleyBall_Analytics\codeigniter4\public\index.php(37): CodeIgniter\CodeIgniter->run()
#5 {main}
ERROR - 2022-02-05 02:54:56 --> You have an error in your SQL syntax; check the manual that corresponds to your MariaDB server version for the right syntax to use near ''1', '10'' at line 13
CRITICAL - 2022-02-05 02:54:56 --> Call to a member function getResult() on bool
#0 C:\xampp\htdocs\VolleyBall_Analytics\codeigniter4\app\Controllers\Players.php(55): App\Models\Player->getPlayersListAjax('1', '', '10')
#1 C:\xampp\htdocs\VolleyBall_Analytics\codeigniter4\system\CodeIgniter.php(825): App\Controllers\Players->playerListAjax()
#2 C:\xampp\htdocs\VolleyBall_Analytics\codeigniter4\system\CodeIgniter.php(412): CodeIgniter\CodeIgniter->runController(Object(App\Controllers\Players))
#3 C:\xampp\htdocs\VolleyBall_Analytics\codeigniter4\system\CodeIgniter.php(320): CodeIgniter\CodeIgniter->handleRequest(NULL, Object(Config\Cache), false)
#4 C:\xampp\htdocs\VolleyBall_Analytics\codeigniter4\public\index.php(37): CodeIgniter\CodeIgniter->run()
#5 {main}
ERROR - 2022-02-05 02:56:11 --> You have an error in your SQL syntax; check the manual that corresponds to your MariaDB server version for the right syntax to use near ''1', '10'' at line 14
CRITICAL - 2022-02-05 02:56:11 --> Call to a member function getResult() on bool
#0 C:\xampp\htdocs\VolleyBall_Analytics\codeigniter4\app\Controllers\Players.php(55): App\Models\Player->getPlayersListAjax('1', '', '10')
#1 C:\xampp\htdocs\VolleyBall_Analytics\codeigniter4\system\CodeIgniter.php(825): App\Controllers\Players->playerListAjax()
#2 C:\xampp\htdocs\VolleyBall_Analytics\codeigniter4\system\CodeIgniter.php(412): CodeIgniter\CodeIgniter->runController(Object(App\Controllers\Players))
#3 C:\xampp\htdocs\VolleyBall_Analytics\codeigniter4\system\CodeIgniter.php(320): CodeIgniter\CodeIgniter->handleRequest(NULL, Object(Config\Cache), false)
#4 C:\xampp\htdocs\VolleyBall_Analytics\codeigniter4\public\index.php(37): CodeIgniter\CodeIgniter->run()
#5 {main}
CRITICAL - 2022-02-05 02:58:00 --> Undefined array key "players"
#0 C:\xampp\htdocs\VolleyBall_Analytics\codeigniter4\app\Controllers\Players.php(57): CodeIgniter\Debug\Exceptions->errorHandler(2, 'Undefined array...', 'C:\\xampp\\htdocs...', 57)
#1 C:\xampp\htdocs\VolleyBall_Analytics\codeigniter4\system\CodeIgniter.php(825): App\Controllers\Players->playerListAjax()
#2 C:\xampp\htdocs\VolleyBall_Analytics\codeigniter4\system\CodeIgniter.php(412): CodeIgniter\CodeIgniter->runController(Object(App\Controllers\Players))
#3 C:\xampp\htdocs\VolleyBall_Analytics\codeigniter4\system\CodeIgniter.php(320): CodeIgniter\CodeIgniter->handleRequest(NULL, Object(Config\Cache), false)
#4 C:\xampp\htdocs\VolleyBall_Analytics\codeigniter4\public\index.php(37): CodeIgniter\CodeIgniter->run()
#5 {main}
