CRITICAL - 2022-01-28 09:28:01 --> Invalid file: players.php
#0 C:\xampp\htdocs\VolleyBall_Analytics\codeigniter4\system\View\View.php(198): CodeIgniter\Exceptions\FrameworkException::forInvalidFile('players.php')
#1 C:\xampp\htdocs\VolleyBall_Analytics\codeigniter4\system\Common.php(1089): CodeIgniter\View\View->render('players', Array, true)
#2 C:\xampp\htdocs\VolleyBall_Analytics\codeigniter4\app\Controllers\Players.php(20): view('players', Array)
#3 C:\xampp\htdocs\VolleyBall_Analytics\codeigniter4\system\CodeIgniter.php(825): App\Controllers\Players->index()
#4 C:\xampp\htdocs\VolleyBall_Analytics\codeigniter4\system\CodeIgniter.php(412): CodeIgniter\CodeIgniter->runController(Object(App\Controllers\Players))
#5 C:\xampp\htdocs\VolleyBall_Analytics\codeigniter4\system\CodeIgniter.php(320): CodeIgniter\CodeIgniter->handleRequest(NULL, Object(Config\Cache), false)
#6 C:\xampp\htdocs\VolleyBall_Analytics\codeigniter4\public\index.php(37): CodeIgniter\CodeIgniter->run()
#7 {main}
CRITICAL - 2022-01-28 09:28:47 --> require_once(header.php): Failed to open stream: No such file or directory
#0 C:\xampp\htdocs\VolleyBall_Analytics\codeigniter4\app\Views\player\list.php(1): CodeIgniter\Debug\Exceptions->errorHandler(2, 'require_once(he...', 'C:\\xampp\\htdocs...', 1)
#1 C:\xampp\htdocs\VolleyBall_Analytics\codeigniter4\app\Views\player\list.php(1): require_once()
#2 C:\xampp\htdocs\VolleyBall_Analytics\codeigniter4\system\View\View.php(210): include('C:\\xampp\\htdocs...')
#3 C:\xampp\htdocs\VolleyBall_Analytics\codeigniter4\system\View\View.php(213): CodeIgniter\View\View->CodeIgniter\View\{closure}()
#4 C:\xampp\htdocs\VolleyBall_Analytics\codeigniter4\system\Common.php(1089): CodeIgniter\View\View->render('player/list', Array, true)
#5 C:\xampp\htdocs\VolleyBall_Analytics\codeigniter4\app\Controllers\Players.php(20): view('player/list', Array)
#6 C:\xampp\htdocs\VolleyBall_Analytics\codeigniter4\system\CodeIgniter.php(825): App\Controllers\Players->index()
#7 C:\xampp\htdocs\VolleyBall_Analytics\codeigniter4\system\CodeIgniter.php(412): CodeIgniter\CodeIgniter->runController(Object(App\Controllers\Players))
#8 C:\xampp\htdocs\VolleyBall_Analytics\codeigniter4\system\CodeIgniter.php(320): CodeIgniter\CodeIgniter->handleRequest(NULL, Object(Config\Cache), false)
#9 C:\xampp\htdocs\VolleyBall_Analytics\codeigniter4\public\index.php(37): CodeIgniter\CodeIgniter->run()
#10 {main}
CRITICAL - 2022-01-28 09:29:26 --> Class "App\Modelss\Player" not found
#0 C:\xampp\htdocs\VolleyBall_Analytics\codeigniter4\system\CodeIgniter.php(825): App\Controllers\Players->index()
#1 C:\xampp\htdocs\VolleyBall_Analytics\codeigniter4\system\CodeIgniter.php(412): CodeIgniter\CodeIgniter->runController(Object(App\Controllers\Players))
#2 C:\xampp\htdocs\VolleyBall_Analytics\codeigniter4\system\CodeIgniter.php(320): CodeIgniter\CodeIgniter->handleRequest(NULL, Object(Config\Cache), false)
#3 C:\xampp\htdocs\VolleyBall_Analytics\codeigniter4\public\index.php(37): CodeIgniter\CodeIgniter->run()
#4 {main}
CRITICAL - 2022-01-28 09:29:40 --> require_once(header.php): Failed to open stream: No such file or directory
#0 C:\xampp\htdocs\VolleyBall_Analytics\codeigniter4\app\Views\player\list.php(1): CodeIgniter\Debug\Exceptions->errorHandler(2, 'require_once(he...', 'C:\\xampp\\htdocs...', 1)
#1 C:\xampp\htdocs\VolleyBall_Analytics\codeigniter4\app\Views\player\list.php(1): require_once()
#2 C:\xampp\htdocs\VolleyBall_Analytics\codeigniter4\system\View\View.php(210): include('C:\\xampp\\htdocs...')
#3 C:\xampp\htdocs\VolleyBall_Analytics\codeigniter4\system\View\View.php(213): CodeIgniter\View\View->CodeIgniter\View\{closure}()
#4 C:\xampp\htdocs\VolleyBall_Analytics\codeigniter4\system\Common.php(1089): CodeIgniter\View\View->render('player/list', Array, true)
#5 C:\xampp\htdocs\VolleyBall_Analytics\codeigniter4\app\Controllers\Players.php(23): view('player/list', Array)
#6 C:\xampp\htdocs\VolleyBall_Analytics\codeigniter4\system\CodeIgniter.php(825): App\Controllers\Players->index()
#7 C:\xampp\htdocs\VolleyBall_Analytics\codeigniter4\system\CodeIgniter.php(412): CodeIgniter\CodeIgniter->runController(Object(App\Controllers\Players))
#8 C:\xampp\htdocs\VolleyBall_Analytics\codeigniter4\system\CodeIgniter.php(320): CodeIgniter\CodeIgniter->handleRequest(NULL, Object(Config\Cache), false)
#9 C:\xampp\htdocs\VolleyBall_Analytics\codeigniter4\public\index.php(37): CodeIgniter\CodeIgniter->run()
#10 {main}
CRITICAL - 2022-01-28 09:30:01 --> require_once(footer.php): Failed to open stream: No such file or directory
#0 C:\xampp\htdocs\VolleyBall_Analytics\codeigniter4\app\Views\player\list.php(54): CodeIgniter\Debug\Exceptions->errorHandler(2, 'require_once(fo...', 'C:\\xampp\\htdocs...', 54)
#1 C:\xampp\htdocs\VolleyBall_Analytics\codeigniter4\app\Views\player\list.php(54): require_once()
#2 C:\xampp\htdocs\VolleyBall_Analytics\codeigniter4\system\View\View.php(210): include('C:\\xampp\\htdocs...')
#3 C:\xampp\htdocs\VolleyBall_Analytics\codeigniter4\system\View\View.php(213): CodeIgniter\View\View->CodeIgniter\View\{closure}()
#4 C:\xampp\htdocs\VolleyBall_Analytics\codeigniter4\system\Common.php(1089): CodeIgniter\View\View->render('player/list', Array, true)
#5 C:\xampp\htdocs\VolleyBall_Analytics\codeigniter4\app\Controllers\Players.php(23): view('player/list', Array)
#6 C:\xampp\htdocs\VolleyBall_Analytics\codeigniter4\system\CodeIgniter.php(825): App\Controllers\Players->index()
#7 C:\xampp\htdocs\VolleyBall_Analytics\codeigniter4\system\CodeIgniter.php(412): CodeIgniter\CodeIgniter->runController(Object(App\Controllers\Players))
#8 C:\xampp\htdocs\VolleyBall_Analytics\codeigniter4\system\CodeIgniter.php(320): CodeIgniter\CodeIgniter->handleRequest(NULL, Object(Config\Cache), false)
#9 C:\xampp\htdocs\VolleyBall_Analytics\codeigniter4\public\index.php(37): CodeIgniter\CodeIgniter->run()
#10 {main}
ERROR - 2022-01-28 09:42:37 --> Unknown column 'tp.licence' in 'where clause'
CRITICAL - 2022-01-28 09:42:37 --> Call to a member function getResult() on bool
#0 C:\xampp\htdocs\VolleyBall_Analytics\codeigniter4\app\Controllers\Stats.php(12): App\Models\Matchs->getPlayerPositionStats('PMAA010', '1905660')
#1 C:\xampp\htdocs\VolleyBall_Analytics\codeigniter4\system\CodeIgniter.php(825): App\Controllers\Stats->getPlayerPositionStats('PMAA010', '1905660')
#2 C:\xampp\htdocs\VolleyBall_Analytics\codeigniter4\system\CodeIgniter.php(412): CodeIgniter\CodeIgniter->runController(Object(App\Controllers\Stats))
#3 C:\xampp\htdocs\VolleyBall_Analytics\codeigniter4\system\CodeIgniter.php(320): CodeIgniter\CodeIgniter->handleRequest(NULL, Object(Config\Cache), false)
#4 C:\xampp\htdocs\VolleyBall_Analytics\codeigniter4\public\index.php(37): CodeIgniter\CodeIgniter->run()
#5 {main}
CRITICAL - 2022-01-28 09:45:23 --> Attempt to read property "team_id" on array
#0 C:\xampp\htdocs\VolleyBall_Analytics\codeigniter4\app\Models\Matchs.php(119): CodeIgniter\Debug\Exceptions->errorHandler(2, 'Attempt to read...', 'C:\\xampp\\htdocs...', 119)
#1 C:\xampp\htdocs\VolleyBall_Analytics\codeigniter4\app\Controllers\Stats.php(12): App\Models\Matchs->getPlayerPositionStats('PMAA010', '1905660')
#2 C:\xampp\htdocs\VolleyBall_Analytics\codeigniter4\system\CodeIgniter.php(825): App\Controllers\Stats->getPlayerPositionStats('PMAA010', '1905660')
#3 C:\xampp\htdocs\VolleyBall_Analytics\codeigniter4\system\CodeIgniter.php(412): CodeIgniter\CodeIgniter->runController(Object(App\Controllers\Stats))
#4 C:\xampp\htdocs\VolleyBall_Analytics\codeigniter4\system\CodeIgniter.php(320): CodeIgniter\CodeIgniter->handleRequest(NULL, Object(Config\Cache), false)
#5 C:\xampp\htdocs\VolleyBall_Analytics\codeigniter4\public\index.php(37): CodeIgniter\CodeIgniter->run()
#6 {main}
CRITICAL - 2022-01-28 09:45:34 --> Undefined array key "team_id"
#0 C:\xampp\htdocs\VolleyBall_Analytics\codeigniter4\app\Models\Matchs.php(119): CodeIgniter\Debug\Exceptions->errorHandler(2, 'Undefined array...', 'C:\\xampp\\htdocs...', 119)
#1 C:\xampp\htdocs\VolleyBall_Analytics\codeigniter4\app\Controllers\Stats.php(12): App\Models\Matchs->getPlayerPositionStats('PMAA010', '1905660')
#2 C:\xampp\htdocs\VolleyBall_Analytics\codeigniter4\system\CodeIgniter.php(825): App\Controllers\Stats->getPlayerPositionStats('PMAA010', '1905660')
#3 C:\xampp\htdocs\VolleyBall_Analytics\codeigniter4\system\CodeIgniter.php(412): CodeIgniter\CodeIgniter->runController(Object(App\Controllers\Stats))
#4 C:\xampp\htdocs\VolleyBall_Analytics\codeigniter4\system\CodeIgniter.php(320): CodeIgniter\CodeIgniter->handleRequest(NULL, Object(Config\Cache), false)
#5 C:\xampp\htdocs\VolleyBall_Analytics\codeigniter4\public\index.php(37): CodeIgniter\CodeIgniter->run()
#6 {main}
CRITICAL - 2022-01-28 09:46:02 --> syntax error, unexpected token "[", expecting identifier or variable or "{" or "$"
#0 C:\xampp\htdocs\VolleyBall_Analytics\codeigniter4\system\Autoloader\Autoloader.php(241): CodeIgniter\Autoloader\Autoloader->includeFile('C:\\xampp\\htdocs...')
#1 C:\xampp\htdocs\VolleyBall_Analytics\codeigniter4\system\Autoloader\Autoloader.php(219): CodeIgniter\Autoloader\Autoloader->loadInNamespace('App\\Models\\Matc...')
#2 C:\xampp\htdocs\VolleyBall_Analytics\codeigniter4\app\Controllers\Stats.php(9): CodeIgniter\Autoloader\Autoloader->loadClass('App\\Models\\Matc...')
#3 C:\xampp\htdocs\VolleyBall_Analytics\codeigniter4\system\CodeIgniter.php(825): App\Controllers\Stats->getPlayerPositionStats('PMAA010', '1905660')
#4 C:\xampp\htdocs\VolleyBall_Analytics\codeigniter4\system\CodeIgniter.php(412): CodeIgniter\CodeIgniter->runController(Object(App\Controllers\Stats))
#5 C:\xampp\htdocs\VolleyBall_Analytics\codeigniter4\system\CodeIgniter.php(320): CodeIgniter\CodeIgniter->handleRequest(NULL, Object(Config\Cache), false)
#6 C:\xampp\htdocs\VolleyBall_Analytics\codeigniter4\public\index.php(37): CodeIgniter\CodeIgniter->run()
#7 {main}
CRITICAL - 2022-01-28 11:00:47 --> array_search(): Argument #2 ($haystack) must be of type array, stdClass given
#0 C:\xampp\htdocs\VolleyBall_Analytics\codeigniter4\app\Models\Matchs.php(154): array_search('1905660', Object(stdClass))
#1 C:\xampp\htdocs\VolleyBall_Analytics\codeigniter4\app\Controllers\Stats.php(12): App\Models\Matchs->getPlayerPositionStats('PMAA010', '1905660')
#2 C:\xampp\htdocs\VolleyBall_Analytics\codeigniter4\system\CodeIgniter.php(825): App\Controllers\Stats->getPlayerPositionStats('PMAA010', '1905660')
#3 C:\xampp\htdocs\VolleyBall_Analytics\codeigniter4\system\CodeIgniter.php(412): CodeIgniter\CodeIgniter->runController(Object(App\Controllers\Stats))
#4 C:\xampp\htdocs\VolleyBall_Analytics\codeigniter4\system\CodeIgniter.php(320): CodeIgniter\CodeIgniter->handleRequest(NULL, Object(Config\Cache), false)
#5 C:\xampp\htdocs\VolleyBall_Analytics\codeigniter4\public\index.php(37): CodeIgniter\CodeIgniter->run()
#6 {main}
CRITICAL - 2022-01-28 11:00:58 --> array_search(): Argument #2 ($haystack) must be of type array, string given
#0 C:\xampp\htdocs\VolleyBall_Analytics\codeigniter4\app\Models\Matchs.php(154): array_search('1905660', '1')
#1 C:\xampp\htdocs\VolleyBall_Analytics\codeigniter4\app\Controllers\Stats.php(12): App\Models\Matchs->getPlayerPositionStats('PMAA010', '1905660')
#2 C:\xampp\htdocs\VolleyBall_Analytics\codeigniter4\system\CodeIgniter.php(825): App\Controllers\Stats->getPlayerPositionStats('PMAA010', '1905660')
#3 C:\xampp\htdocs\VolleyBall_Analytics\codeigniter4\system\CodeIgniter.php(412): CodeIgniter\CodeIgniter->runController(Object(App\Controllers\Stats))
#4 C:\xampp\htdocs\VolleyBall_Analytics\codeigniter4\system\CodeIgniter.php(320): CodeIgniter\CodeIgniter->handleRequest(NULL, Object(Config\Cache), false)
#5 C:\xampp\htdocs\VolleyBall_Analytics\codeigniter4\public\index.php(37): CodeIgniter\CodeIgniter->run()
#6 {main}
CRITICAL - 2022-01-28 11:02:44 --> Attempt to read property "match_id" on array
#0 C:\xampp\htdocs\VolleyBall_Analytics\codeigniter4\app\Models\Matchs.php(154): CodeIgniter\Debug\Exceptions->errorHandler(2, 'Attempt to read...', 'C:\\xampp\\htdocs...', 154)
#1 C:\xampp\htdocs\VolleyBall_Analytics\codeigniter4\app\Controllers\Stats.php(12): App\Models\Matchs->getPlayerPositionStats('PMAA010', '1905660')
#2 C:\xampp\htdocs\VolleyBall_Analytics\codeigniter4\system\CodeIgniter.php(825): App\Controllers\Stats->getPlayerPositionStats('PMAA010', '1905660')
#3 C:\xampp\htdocs\VolleyBall_Analytics\codeigniter4\system\CodeIgniter.php(412): CodeIgniter\CodeIgniter->runController(Object(App\Controllers\Stats))
#4 C:\xampp\htdocs\VolleyBall_Analytics\codeigniter4\system\CodeIgniter.php(320): CodeIgniter\CodeIgniter->handleRequest(NULL, Object(Config\Cache), false)
#5 C:\xampp\htdocs\VolleyBall_Analytics\codeigniter4\public\index.php(37): CodeIgniter\CodeIgniter->run()
#6 {main}
CRITICAL - 2022-01-28 11:06:29 --> Undefined array key 1
#0 C:\xampp\htdocs\VolleyBall_Analytics\codeigniter4\app\Models\Matchs.php(157): CodeIgniter\Debug\Exceptions->errorHandler(2, 'Undefined array...', 'C:\\xampp\\htdocs...', 157)
#1 C:\xampp\htdocs\VolleyBall_Analytics\codeigniter4\app\Controllers\Stats.php(12): App\Models\Matchs->getPlayerPositionStats('PMAA010', '1905660')
#2 C:\xampp\htdocs\VolleyBall_Analytics\codeigniter4\system\CodeIgniter.php(825): App\Controllers\Stats->getPlayerPositionStats('PMAA010', '1905660')
#3 C:\xampp\htdocs\VolleyBall_Analytics\codeigniter4\system\CodeIgniter.php(412): CodeIgniter\CodeIgniter->runController(Object(App\Controllers\Stats))
#4 C:\xampp\htdocs\VolleyBall_Analytics\codeigniter4\system\CodeIgniter.php(320): CodeIgniter\CodeIgniter->handleRequest(NULL, Object(Config\Cache), false)
#5 C:\xampp\htdocs\VolleyBall_Analytics\codeigniter4\public\index.php(37): CodeIgniter\CodeIgniter->run()
#6 {main}
CRITICAL - 2022-01-28 11:06:44 --> Unsupported operand types: string + int
#0 C:\xampp\htdocs\VolleyBall_Analytics\codeigniter4\app\Controllers\Stats.php(12): App\Models\Matchs->getPlayerPositionStats('PMAA010', '1905660')
#1 C:\xampp\htdocs\VolleyBall_Analytics\codeigniter4\system\CodeIgniter.php(825): App\Controllers\Stats->getPlayerPositionStats('PMAA010', '1905660')
#2 C:\xampp\htdocs\VolleyBall_Analytics\codeigniter4\system\CodeIgniter.php(412): CodeIgniter\CodeIgniter->runController(Object(App\Controllers\Stats))
#3 C:\xampp\htdocs\VolleyBall_Analytics\codeigniter4\system\CodeIgniter.php(320): CodeIgniter\CodeIgniter->handleRequest(NULL, Object(Config\Cache), false)
#4 C:\xampp\htdocs\VolleyBall_Analytics\codeigniter4\public\index.php(37): CodeIgniter\CodeIgniter->run()
#5 {main}
CRITICAL - 2022-01-28 11:07:11 --> Unsupported operand types: string + string
#0 C:\xampp\htdocs\VolleyBall_Analytics\codeigniter4\app\Controllers\Stats.php(12): App\Models\Matchs->getPlayerPositionStats('PMAA010', '1905660')
#1 C:\xampp\htdocs\VolleyBall_Analytics\codeigniter4\system\CodeIgniter.php(825): App\Controllers\Stats->getPlayerPositionStats('PMAA010', '1905660')
#2 C:\xampp\htdocs\VolleyBall_Analytics\codeigniter4\system\CodeIgniter.php(412): CodeIgniter\CodeIgniter->runController(Object(App\Controllers\Stats))
#3 C:\xampp\htdocs\VolleyBall_Analytics\codeigniter4\system\CodeIgniter.php(320): CodeIgniter\CodeIgniter->handleRequest(NULL, Object(Config\Cache), false)
#4 C:\xampp\htdocs\VolleyBall_Analytics\codeigniter4\public\index.php(37): CodeIgniter\CodeIgniter->run()
#5 {main}
CRITICAL - 2022-01-28 11:07:15 --> Unsupported operand types: string + string
#0 C:\xampp\htdocs\VolleyBall_Analytics\codeigniter4\app\Controllers\Stats.php(12): App\Models\Matchs->getPlayerPositionStats('PMAA010', '1905660')
#1 C:\xampp\htdocs\VolleyBall_Analytics\codeigniter4\system\CodeIgniter.php(825): App\Controllers\Stats->getPlayerPositionStats('PMAA010', '1905660')
#2 C:\xampp\htdocs\VolleyBall_Analytics\codeigniter4\system\CodeIgniter.php(412): CodeIgniter\CodeIgniter->runController(Object(App\Controllers\Stats))
#3 C:\xampp\htdocs\VolleyBall_Analytics\codeigniter4\system\CodeIgniter.php(320): CodeIgniter\CodeIgniter->handleRequest(NULL, Object(Config\Cache), false)
#4 C:\xampp\htdocs\VolleyBall_Analytics\codeigniter4\public\index.php(37): CodeIgniter\CodeIgniter->run()
#5 {main}
CRITICAL - 2022-01-28 11:10:11 --> syntax error, unexpected token "foreach"
#0 C:\xampp\htdocs\VolleyBall_Analytics\codeigniter4\system\Autoloader\Autoloader.php(241): CodeIgniter\Autoloader\Autoloader->includeFile('C:\\xampp\\htdocs...')
#1 C:\xampp\htdocs\VolleyBall_Analytics\codeigniter4\system\Autoloader\Autoloader.php(219): CodeIgniter\Autoloader\Autoloader->loadInNamespace('App\\Models\\Matc...')
#2 C:\xampp\htdocs\VolleyBall_Analytics\codeigniter4\app\Controllers\Stats.php(9): CodeIgniter\Autoloader\Autoloader->loadClass('App\\Models\\Matc...')
#3 C:\xampp\htdocs\VolleyBall_Analytics\codeigniter4\system\CodeIgniter.php(825): App\Controllers\Stats->getPlayerPositionStats('PMAA010', '1905660')
#4 C:\xampp\htdocs\VolleyBall_Analytics\codeigniter4\system\CodeIgniter.php(412): CodeIgniter\CodeIgniter->runController(Object(App\Controllers\Stats))
#5 C:\xampp\htdocs\VolleyBall_Analytics\codeigniter4\system\CodeIgniter.php(320): CodeIgniter\CodeIgniter->handleRequest(NULL, Object(Config\Cache), false)
#6 C:\xampp\htdocs\VolleyBall_Analytics\codeigniter4\public\index.php(37): CodeIgniter\CodeIgniter->run()
#7 {main}
ERROR - 2022-01-28 11:15:09 --> Column 'match_id' in field list is ambiguous
CRITICAL - 2022-01-28 11:15:09 --> Call to a member function getResultArray() on bool
#0 C:\xampp\htdocs\VolleyBall_Analytics\codeigniter4\app\Controllers\Stats.php(12): App\Models\Matchs->getPlayerPositionStats('PMAA010', '1905660')
#1 C:\xampp\htdocs\VolleyBall_Analytics\codeigniter4\system\CodeIgniter.php(825): App\Controllers\Stats->getPlayerPositionStats('PMAA010', '1905660')
#2 C:\xampp\htdocs\VolleyBall_Analytics\codeigniter4\system\CodeIgniter.php(412): CodeIgniter\CodeIgniter->runController(Object(App\Controllers\Stats))
#3 C:\xampp\htdocs\VolleyBall_Analytics\codeigniter4\system\CodeIgniter.php(320): CodeIgniter\CodeIgniter->handleRequest(NULL, Object(Config\Cache), false)
#4 C:\xampp\htdocs\VolleyBall_Analytics\codeigniter4\public\index.php(37): CodeIgniter\CodeIgniter->run()
#5 {main}
ERROR - 2022-01-28 11:15:54 --> Column 'match_id' in field list is ambiguous
CRITICAL - 2022-01-28 11:15:54 --> Call to a member function getResultArray() on bool
#0 C:\xampp\htdocs\VolleyBall_Analytics\codeigniter4\app\Controllers\Stats.php(12): App\Models\Matchs->getPlayerPositionStats('PMAA010', '1905660')
#1 C:\xampp\htdocs\VolleyBall_Analytics\codeigniter4\system\CodeIgniter.php(825): App\Controllers\Stats->getPlayerPositionStats('PMAA010', '1905660')
#2 C:\xampp\htdocs\VolleyBall_Analytics\codeigniter4\system\CodeIgniter.php(412): CodeIgniter\CodeIgniter->runController(Object(App\Controllers\Stats))
#3 C:\xampp\htdocs\VolleyBall_Analytics\codeigniter4\system\CodeIgniter.php(320): CodeIgniter\CodeIgniter->handleRequest(NULL, Object(Config\Cache), false)
#4 C:\xampp\htdocs\VolleyBall_Analytics\codeigniter4\public\index.php(37): CodeIgniter\CodeIgniter->run()
#5 {main}
ERROR - 2022-01-28 11:16:01 --> Column 'match_id' in field list is ambiguous
CRITICAL - 2022-01-28 11:16:01 --> Call to a member function getResultArray() on bool
#0 C:\xampp\htdocs\VolleyBall_Analytics\codeigniter4\app\Controllers\Stats.php(12): App\Models\Matchs->getPlayerPositionStats('PMAA010', '1905660')
#1 C:\xampp\htdocs\VolleyBall_Analytics\codeigniter4\system\CodeIgniter.php(825): App\Controllers\Stats->getPlayerPositionStats('PMAA010', '1905660')
#2 C:\xampp\htdocs\VolleyBall_Analytics\codeigniter4\system\CodeIgniter.php(412): CodeIgniter\CodeIgniter->runController(Object(App\Controllers\Stats))
#3 C:\xampp\htdocs\VolleyBall_Analytics\codeigniter4\system\CodeIgniter.php(320): CodeIgniter\CodeIgniter->handleRequest(NULL, Object(Config\Cache), false)
#4 C:\xampp\htdocs\VolleyBall_Analytics\codeigniter4\public\index.php(37): CodeIgniter\CodeIgniter->run()
#5 {main}
CRITICAL - 2022-01-28 11:25:01 --> syntax error, unexpected token "}"
#0 C:\xampp\htdocs\VolleyBall_Analytics\codeigniter4\system\Autoloader\Autoloader.php(241): CodeIgniter\Autoloader\Autoloader->includeFile('C:\\xampp\\htdocs...')
#1 C:\xampp\htdocs\VolleyBall_Analytics\codeigniter4\system\Autoloader\Autoloader.php(219): CodeIgniter\Autoloader\Autoloader->loadInNamespace('App\\Models\\Matc...')
#2 C:\xampp\htdocs\VolleyBall_Analytics\codeigniter4\app\Controllers\Stats.php(9): CodeIgniter\Autoloader\Autoloader->loadClass('App\\Models\\Matc...')
#3 C:\xampp\htdocs\VolleyBall_Analytics\codeigniter4\system\CodeIgniter.php(825): App\Controllers\Stats->getPlayerPositionStats('PMAA010', '1905660')
#4 C:\xampp\htdocs\VolleyBall_Analytics\codeigniter4\system\CodeIgniter.php(412): CodeIgniter\CodeIgniter->runController(Object(App\Controllers\Stats))
#5 C:\xampp\htdocs\VolleyBall_Analytics\codeigniter4\system\CodeIgniter.php(320): CodeIgniter\CodeIgniter->handleRequest(NULL, Object(Config\Cache), false)
#6 C:\xampp\htdocs\VolleyBall_Analytics\codeigniter4\public\index.php(37): CodeIgniter\CodeIgniter->run()
#7 {main}
CRITICAL - 2022-01-28 11:26:31 --> Undefined array key "set"
#0 C:\xampp\htdocs\VolleyBall_Analytics\codeigniter4\app\Models\Matchs.php(190): CodeIgniter\Debug\Exceptions->errorHandler(2, 'Undefined array...', 'C:\\xampp\\htdocs...', 190)
#1 C:\xampp\htdocs\VolleyBall_Analytics\codeigniter4\app\Controllers\Stats.php(12): App\Models\Matchs->getPlayerPositionStats('PMAA010', '1905660')
#2 C:\xampp\htdocs\VolleyBall_Analytics\codeigniter4\system\CodeIgniter.php(825): App\Controllers\Stats->getPlayerPositionStats('PMAA010', '1905660')
#3 C:\xampp\htdocs\VolleyBall_Analytics\codeigniter4\system\CodeIgniter.php(412): CodeIgniter\CodeIgniter->runController(Object(App\Controllers\Stats))
#4 C:\xampp\htdocs\VolleyBall_Analytics\codeigniter4\system\CodeIgniter.php(320): CodeIgniter\CodeIgniter->handleRequest(NULL, Object(Config\Cache), false)
#5 C:\xampp\htdocs\VolleyBall_Analytics\codeigniter4\public\index.php(37): CodeIgniter\CodeIgniter->run()
#6 {main}
CRITICAL - 2022-01-28 11:27:29 --> Undefined array key 1
#0 C:\xampp\htdocs\VolleyBall_Analytics\codeigniter4\app\Models\Matchs.php(190): CodeIgniter\Debug\Exceptions->errorHandler(2, 'Undefined array...', 'C:\\xampp\\htdocs...', 190)
#1 C:\xampp\htdocs\VolleyBall_Analytics\codeigniter4\app\Controllers\Stats.php(12): App\Models\Matchs->getPlayerPositionStats('PMAA010', '1905660')
#2 C:\xampp\htdocs\VolleyBall_Analytics\codeigniter4\system\CodeIgniter.php(825): App\Controllers\Stats->getPlayerPositionStats('PMAA010', '1905660')
#3 C:\xampp\htdocs\VolleyBall_Analytics\codeigniter4\system\CodeIgniter.php(412): CodeIgniter\CodeIgniter->runController(Object(App\Controllers\Stats))
#4 C:\xampp\htdocs\VolleyBall_Analytics\codeigniter4\system\CodeIgniter.php(320): CodeIgniter\CodeIgniter->handleRequest(NULL, Object(Config\Cache), false)
#5 C:\xampp\htdocs\VolleyBall_Analytics\codeigniter4\public\index.php(37): CodeIgniter\CodeIgniter->run()
#6 {main}
CRITICAL - 2022-01-28 11:27:49 --> Undefined array key 1
#0 C:\xampp\htdocs\VolleyBall_Analytics\codeigniter4\app\Models\Matchs.php(190): CodeIgniter\Debug\Exceptions->errorHandler(2, 'Undefined array...', 'C:\\xampp\\htdocs...', 190)
#1 C:\xampp\htdocs\VolleyBall_Analytics\codeigniter4\app\Controllers\Stats.php(12): App\Models\Matchs->getPlayerPositionStats('PMAA010', '1905660')
#2 C:\xampp\htdocs\VolleyBall_Analytics\codeigniter4\system\CodeIgniter.php(825): App\Controllers\Stats->getPlayerPositionStats('PMAA010', '1905660')
#3 C:\xampp\htdocs\VolleyBall_Analytics\codeigniter4\system\CodeIgniter.php(412): CodeIgniter\CodeIgniter->runController(Object(App\Controllers\Stats))
#4 C:\xampp\htdocs\VolleyBall_Analytics\codeigniter4\system\CodeIgniter.php(320): CodeIgniter\CodeIgniter->handleRequest(NULL, Object(Config\Cache), false)
#5 C:\xampp\htdocs\VolleyBall_Analytics\codeigniter4\public\index.php(37): CodeIgniter\CodeIgniter->run()
#6 {main}
CRITICAL - 2022-01-28 11:28:22 --> Undefined array key 1
#0 C:\xampp\htdocs\VolleyBall_Analytics\codeigniter4\app\Models\Matchs.php(190): CodeIgniter\Debug\Exceptions->errorHandler(2, 'Undefined array...', 'C:\\xampp\\htdocs...', 190)
#1 C:\xampp\htdocs\VolleyBall_Analytics\codeigniter4\app\Controllers\Stats.php(12): App\Models\Matchs->getPlayerPositionStats('PMAA010', '1905660')
#2 C:\xampp\htdocs\VolleyBall_Analytics\codeigniter4\system\CodeIgniter.php(825): App\Controllers\Stats->getPlayerPositionStats('PMAA010', '1905660')
#3 C:\xampp\htdocs\VolleyBall_Analytics\codeigniter4\system\CodeIgniter.php(412): CodeIgniter\CodeIgniter->runController(Object(App\Controllers\Stats))
#4 C:\xampp\htdocs\VolleyBall_Analytics\codeigniter4\system\CodeIgniter.php(320): CodeIgniter\CodeIgniter->handleRequest(NULL, Object(Config\Cache), false)
#5 C:\xampp\htdocs\VolleyBall_Analytics\codeigniter4\public\index.php(37): CodeIgniter\CodeIgniter->run()
#6 {main}
CRITICAL - 2022-01-28 11:28:36 --> Undefined array key 1
#0 C:\xampp\htdocs\VolleyBall_Analytics\codeigniter4\app\Models\Matchs.php(192): CodeIgniter\Debug\Exceptions->errorHandler(2, 'Undefined array...', 'C:\\xampp\\htdocs...', 192)
#1 C:\xampp\htdocs\VolleyBall_Analytics\codeigniter4\app\Controllers\Stats.php(12): App\Models\Matchs->getPlayerPositionStats('PMAA010', '1905660')
#2 C:\xampp\htdocs\VolleyBall_Analytics\codeigniter4\system\CodeIgniter.php(825): App\Controllers\Stats->getPlayerPositionStats('PMAA010', '1905660')
#3 C:\xampp\htdocs\VolleyBall_Analytics\codeigniter4\system\CodeIgniter.php(412): CodeIgniter\CodeIgniter->runController(Object(App\Controllers\Stats))
#4 C:\xampp\htdocs\VolleyBall_Analytics\codeigniter4\system\CodeIgniter.php(320): CodeIgniter\CodeIgniter->handleRequest(NULL, Object(Config\Cache), false)
#5 C:\xampp\htdocs\VolleyBall_Analytics\codeigniter4\public\index.php(37): CodeIgniter\CodeIgniter->run()
#6 {main}
CRITICAL - 2022-01-28 11:41:58 --> Undefined array key 1
#0 C:\xampp\htdocs\VolleyBall_Analytics\codeigniter4\app\Models\Matchs.php(190): CodeIgniter\Debug\Exceptions->errorHandler(2, 'Undefined array...', 'C:\\xampp\\htdocs...', 190)
#1 C:\xampp\htdocs\VolleyBall_Analytics\codeigniter4\app\Controllers\Stats.php(12): App\Models\Matchs->getPlayerPositionStats('PMAA010', '1905660')
#2 C:\xampp\htdocs\VolleyBall_Analytics\codeigniter4\system\CodeIgniter.php(825): App\Controllers\Stats->getPlayerPositionStats('PMAA010', '1905660')
#3 C:\xampp\htdocs\VolleyBall_Analytics\codeigniter4\system\CodeIgniter.php(412): CodeIgniter\CodeIgniter->runController(Object(App\Controllers\Stats))
#4 C:\xampp\htdocs\VolleyBall_Analytics\codeigniter4\system\CodeIgniter.php(320): CodeIgniter\CodeIgniter->handleRequest(NULL, Object(Config\Cache), false)
#5 C:\xampp\htdocs\VolleyBall_Analytics\codeigniter4\public\index.php(37): CodeIgniter\CodeIgniter->run()
#6 {main}
CRITICAL - 2022-01-28 11:44:02 --> syntax error, unexpected token "}"
#0 C:\xampp\htdocs\VolleyBall_Analytics\codeigniter4\system\Autoloader\Autoloader.php(241): CodeIgniter\Autoloader\Autoloader->includeFile('C:\\xampp\\htdocs...')
#1 C:\xampp\htdocs\VolleyBall_Analytics\codeigniter4\system\Autoloader\Autoloader.php(219): CodeIgniter\Autoloader\Autoloader->loadInNamespace('App\\Models\\Matc...')
#2 C:\xampp\htdocs\VolleyBall_Analytics\codeigniter4\app\Controllers\Stats.php(9): CodeIgniter\Autoloader\Autoloader->loadClass('App\\Models\\Matc...')
#3 C:\xampp\htdocs\VolleyBall_Analytics\codeigniter4\system\CodeIgniter.php(825): App\Controllers\Stats->getPlayerPositionStats('PMAA010', '1905660')
#4 C:\xampp\htdocs\VolleyBall_Analytics\codeigniter4\system\CodeIgniter.php(412): CodeIgniter\CodeIgniter->runController(Object(App\Controllers\Stats))
#5 C:\xampp\htdocs\VolleyBall_Analytics\codeigniter4\system\CodeIgniter.php(320): CodeIgniter\CodeIgniter->handleRequest(NULL, Object(Config\Cache), false)
#6 C:\xampp\htdocs\VolleyBall_Analytics\codeigniter4\public\index.php(37): CodeIgniter\CodeIgniter->run()
#7 {main}
CRITICAL - 2022-01-28 11:44:08 --> Illegal offset type
#0 C:\xampp\htdocs\VolleyBall_Analytics\codeigniter4\app\Controllers\Stats.php(12): App\Models\Matchs->getPlayerPositionStats('PMAA010', '1905660')
#1 C:\xampp\htdocs\VolleyBall_Analytics\codeigniter4\system\CodeIgniter.php(825): App\Controllers\Stats->getPlayerPositionStats('PMAA010', '1905660')
#2 C:\xampp\htdocs\VolleyBall_Analytics\codeigniter4\system\CodeIgniter.php(412): CodeIgniter\CodeIgniter->runController(Object(App\Controllers\Stats))
#3 C:\xampp\htdocs\VolleyBall_Analytics\codeigniter4\system\CodeIgniter.php(320): CodeIgniter\CodeIgniter->handleRequest(NULL, Object(Config\Cache), false)
#4 C:\xampp\htdocs\VolleyBall_Analytics\codeigniter4\public\index.php(37): CodeIgniter\CodeIgniter->run()
#5 {main}
CRITICAL - 2022-01-28 11:44:49 --> Call to undefined function App\Models\inval()
#0 C:\xampp\htdocs\VolleyBall_Analytics\codeigniter4\app\Controllers\Stats.php(12): App\Models\Matchs->getPlayerPositionStats('PMAA010', '1905660')
#1 C:\xampp\htdocs\VolleyBall_Analytics\codeigniter4\system\CodeIgniter.php(825): App\Controllers\Stats->getPlayerPositionStats('PMAA010', '1905660')
#2 C:\xampp\htdocs\VolleyBall_Analytics\codeigniter4\system\CodeIgniter.php(412): CodeIgniter\CodeIgniter->runController(Object(App\Controllers\Stats))
#3 C:\xampp\htdocs\VolleyBall_Analytics\codeigniter4\system\CodeIgniter.php(320): CodeIgniter\CodeIgniter->handleRequest(NULL, Object(Config\Cache), false)
#4 C:\xampp\htdocs\VolleyBall_Analytics\codeigniter4\public\index.php(37): CodeIgniter\CodeIgniter->run()
#5 {main}
CRITICAL - 2022-01-28 11:45:12 --> Illegal offset type
#0 C:\xampp\htdocs\VolleyBall_Analytics\codeigniter4\app\Controllers\Stats.php(12): App\Models\Matchs->getPlayerPositionStats('PMAA010', '1905660')
#1 C:\xampp\htdocs\VolleyBall_Analytics\codeigniter4\system\CodeIgniter.php(825): App\Controllers\Stats->getPlayerPositionStats('PMAA010', '1905660')
#2 C:\xampp\htdocs\VolleyBall_Analytics\codeigniter4\system\CodeIgniter.php(412): CodeIgniter\CodeIgniter->runController(Object(App\Controllers\Stats))
#3 C:\xampp\htdocs\VolleyBall_Analytics\codeigniter4\system\CodeIgniter.php(320): CodeIgniter\CodeIgniter->handleRequest(NULL, Object(Config\Cache), false)
#4 C:\xampp\htdocs\VolleyBall_Analytics\codeigniter4\public\index.php(37): CodeIgniter\CodeIgniter->run()
#5 {main}
CRITICAL - 2022-01-28 11:45:36 --> Illegal offset type
#0 C:\xampp\htdocs\VolleyBall_Analytics\codeigniter4\app\Controllers\Stats.php(12): App\Models\Matchs->getPlayerPositionStats('PMAA010', '1905660')
#1 C:\xampp\htdocs\VolleyBall_Analytics\codeigniter4\system\CodeIgniter.php(825): App\Controllers\Stats->getPlayerPositionStats('PMAA010', '1905660')
#2 C:\xampp\htdocs\VolleyBall_Analytics\codeigniter4\system\CodeIgniter.php(412): CodeIgniter\CodeIgniter->runController(Object(App\Controllers\Stats))
#3 C:\xampp\htdocs\VolleyBall_Analytics\codeigniter4\system\CodeIgniter.php(320): CodeIgniter\CodeIgniter->handleRequest(NULL, Object(Config\Cache), false)
#4 C:\xampp\htdocs\VolleyBall_Analytics\codeigniter4\public\index.php(37): CodeIgniter\CodeIgniter->run()
#5 {main}
CRITICAL - 2022-01-28 11:46:00 --> Illegal offset type
#0 C:\xampp\htdocs\VolleyBall_Analytics\codeigniter4\app\Controllers\Stats.php(12): App\Models\Matchs->getPlayerPositionStats('PMAA010', '1905660')
#1 C:\xampp\htdocs\VolleyBall_Analytics\codeigniter4\system\CodeIgniter.php(825): App\Controllers\Stats->getPlayerPositionStats('PMAA010', '1905660')
#2 C:\xampp\htdocs\VolleyBall_Analytics\codeigniter4\system\CodeIgniter.php(412): CodeIgniter\CodeIgniter->runController(Object(App\Controllers\Stats))
#3 C:\xampp\htdocs\VolleyBall_Analytics\codeigniter4\system\CodeIgniter.php(320): CodeIgniter\CodeIgniter->handleRequest(NULL, Object(Config\Cache), false)
#4 C:\xampp\htdocs\VolleyBall_Analytics\codeigniter4\public\index.php(37): CodeIgniter\CodeIgniter->run()
#5 {main}
CRITICAL - 2022-01-28 11:50:06 --> syntax error, unexpected identifier "var_dump"
#0 C:\xampp\htdocs\VolleyBall_Analytics\codeigniter4\system\Autoloader\Autoloader.php(241): CodeIgniter\Autoloader\Autoloader->includeFile('C:\\xampp\\htdocs...')
#1 C:\xampp\htdocs\VolleyBall_Analytics\codeigniter4\system\Autoloader\Autoloader.php(219): CodeIgniter\Autoloader\Autoloader->loadInNamespace('App\\Models\\Matc...')
#2 C:\xampp\htdocs\VolleyBall_Analytics\codeigniter4\app\Controllers\Stats.php(9): CodeIgniter\Autoloader\Autoloader->loadClass('App\\Models\\Matc...')
#3 C:\xampp\htdocs\VolleyBall_Analytics\codeigniter4\system\CodeIgniter.php(825): App\Controllers\Stats->getPlayerPositionStats('PMAA010', '1905660')
#4 C:\xampp\htdocs\VolleyBall_Analytics\codeigniter4\system\CodeIgniter.php(412): CodeIgniter\CodeIgniter->runController(Object(App\Controllers\Stats))
#5 C:\xampp\htdocs\VolleyBall_Analytics\codeigniter4\system\CodeIgniter.php(320): CodeIgniter\CodeIgniter->handleRequest(NULL, Object(Config\Cache), false)
#6 C:\xampp\htdocs\VolleyBall_Analytics\codeigniter4\public\index.php(37): CodeIgniter\CodeIgniter->run()
#7 {main}
CRITICAL - 2022-01-28 11:57:41 --> Undefined array key "back"
#0 C:\xampp\htdocs\VolleyBall_Analytics\codeigniter4\app\Models\Matchs.php(216): CodeIgniter\Debug\Exceptions->errorHandler(2, 'Undefined array...', 'C:\\xampp\\htdocs...', 216)
#1 C:\xampp\htdocs\VolleyBall_Analytics\codeigniter4\app\Controllers\Stats.php(12): App\Models\Matchs->getPlayerPositionStats('PMAA010', '1905660')
#2 C:\xampp\htdocs\VolleyBall_Analytics\codeigniter4\system\CodeIgniter.php(825): App\Controllers\Stats->getPlayerPositionStats('PMAA010', '1905660')
#3 C:\xampp\htdocs\VolleyBall_Analytics\codeigniter4\system\CodeIgniter.php(412): CodeIgniter\CodeIgniter->runController(Object(App\Controllers\Stats))
#4 C:\xampp\htdocs\VolleyBall_Analytics\codeigniter4\system\CodeIgniter.php(320): CodeIgniter\CodeIgniter->handleRequest(NULL, Object(Config\Cache), false)
#5 C:\xampp\htdocs\VolleyBall_Analytics\codeigniter4\public\index.php(37): CodeIgniter\CodeIgniter->run()
#6 {main}
CRITICAL - 2022-01-28 11:57:51 --> Undefined array key "back"
#0 C:\xampp\htdocs\VolleyBall_Analytics\codeigniter4\app\Models\Matchs.php(216): CodeIgniter\Debug\Exceptions->errorHandler(2, 'Undefined array...', 'C:\\xampp\\htdocs...', 216)
#1 C:\xampp\htdocs\VolleyBall_Analytics\codeigniter4\app\Controllers\Stats.php(12): App\Models\Matchs->getPlayerPositionStats('PMAA010', '1905660')
#2 C:\xampp\htdocs\VolleyBall_Analytics\codeigniter4\system\CodeIgniter.php(825): App\Controllers\Stats->getPlayerPositionStats('PMAA010', '1905660')
#3 C:\xampp\htdocs\VolleyBall_Analytics\codeigniter4\system\CodeIgniter.php(412): CodeIgniter\CodeIgniter->runController(Object(App\Controllers\Stats))
#4 C:\xampp\htdocs\VolleyBall_Analytics\codeigniter4\system\CodeIgniter.php(320): CodeIgniter\CodeIgniter->handleRequest(NULL, Object(Config\Cache), false)
#5 C:\xampp\htdocs\VolleyBall_Analytics\codeigniter4\public\index.php(37): CodeIgniter\CodeIgniter->run()
#6 {main}
CRITICAL - 2022-01-28 11:58:19 --> syntax error, unexpected token ")"
#0 C:\xampp\htdocs\VolleyBall_Analytics\codeigniter4\system\Autoloader\Autoloader.php(241): CodeIgniter\Autoloader\Autoloader->includeFile('C:\\xampp\\htdocs...')
#1 C:\xampp\htdocs\VolleyBall_Analytics\codeigniter4\system\Autoloader\Autoloader.php(219): CodeIgniter\Autoloader\Autoloader->loadInNamespace('App\\Models\\Matc...')
#2 C:\xampp\htdocs\VolleyBall_Analytics\codeigniter4\app\Controllers\Stats.php(9): CodeIgniter\Autoloader\Autoloader->loadClass('App\\Models\\Matc...')
#3 C:\xampp\htdocs\VolleyBall_Analytics\codeigniter4\system\CodeIgniter.php(825): App\Controllers\Stats->getPlayerPositionStats('PMAA010', '1905660')
#4 C:\xampp\htdocs\VolleyBall_Analytics\codeigniter4\system\CodeIgniter.php(412): CodeIgniter\CodeIgniter->runController(Object(App\Controllers\Stats))
#5 C:\xampp\htdocs\VolleyBall_Analytics\codeigniter4\system\CodeIgniter.php(320): CodeIgniter\CodeIgniter->handleRequest(NULL, Object(Config\Cache), false)
#6 C:\xampp\htdocs\VolleyBall_Analytics\codeigniter4\public\index.php(37): CodeIgniter\CodeIgniter->run()
#7 {main}
CRITICAL - 2022-01-28 11:58:39 --> syntax error, unexpected token ")"
#0 C:\xampp\htdocs\VolleyBall_Analytics\codeigniter4\system\Autoloader\Autoloader.php(241): CodeIgniter\Autoloader\Autoloader->includeFile('C:\\xampp\\htdocs...')
#1 C:\xampp\htdocs\VolleyBall_Analytics\codeigniter4\system\Autoloader\Autoloader.php(219): CodeIgniter\Autoloader\Autoloader->loadInNamespace('App\\Models\\Matc...')
#2 C:\xampp\htdocs\VolleyBall_Analytics\codeigniter4\app\Controllers\Stats.php(9): CodeIgniter\Autoloader\Autoloader->loadClass('App\\Models\\Matc...')
#3 C:\xampp\htdocs\VolleyBall_Analytics\codeigniter4\system\CodeIgniter.php(825): App\Controllers\Stats->getPlayerPositionStats('PMAA010', '1905660')
#4 C:\xampp\htdocs\VolleyBall_Analytics\codeigniter4\system\CodeIgniter.php(412): CodeIgniter\CodeIgniter->runController(Object(App\Controllers\Stats))
#5 C:\xampp\htdocs\VolleyBall_Analytics\codeigniter4\system\CodeIgniter.php(320): CodeIgniter\CodeIgniter->handleRequest(NULL, Object(Config\Cache), false)
#6 C:\xampp\htdocs\VolleyBall_Analytics\codeigniter4\public\index.php(37): CodeIgniter\CodeIgniter->run()
#7 {main}
CRITICAL - 2022-01-28 11:59:38 --> Undefined array key "set 1"
#0 C:\xampp\htdocs\VolleyBall_Analytics\codeigniter4\app\Models\Matchs.php(216): CodeIgniter\Debug\Exceptions->errorHandler(2, 'Undefined array...', 'C:\\xampp\\htdocs...', 216)
#1 C:\xampp\htdocs\VolleyBall_Analytics\codeigniter4\app\Controllers\Stats.php(12): App\Models\Matchs->getPlayerPositionStats('PMAA010', '1905660')
#2 C:\xampp\htdocs\VolleyBall_Analytics\codeigniter4\system\CodeIgniter.php(825): App\Controllers\Stats->getPlayerPositionStats('PMAA010', '1905660')
#3 C:\xampp\htdocs\VolleyBall_Analytics\codeigniter4\system\CodeIgniter.php(412): CodeIgniter\CodeIgniter->runController(Object(App\Controllers\Stats))
#4 C:\xampp\htdocs\VolleyBall_Analytics\codeigniter4\system\CodeIgniter.php(320): CodeIgniter\CodeIgniter->handleRequest(NULL, Object(Config\Cache), false)
#5 C:\xampp\htdocs\VolleyBall_Analytics\codeigniter4\public\index.php(37): CodeIgniter\CodeIgniter->run()
#6 {main}
CRITICAL - 2022-01-28 12:00:10 --> Cannot use temporary expression in write context
#0 [internal function]: CodeIgniter\Debug\Exceptions->shutdownHandler()
#1 {main}
CRITICAL - 2022-01-28 12:00:16 --> Undefined array key "back"
#0 C:\xampp\htdocs\VolleyBall_Analytics\codeigniter4\app\Models\Matchs.php(220): CodeIgniter\Debug\Exceptions->errorHandler(2, 'Undefined array...', 'C:\\xampp\\htdocs...', 220)
#1 C:\xampp\htdocs\VolleyBall_Analytics\codeigniter4\app\Controllers\Stats.php(12): App\Models\Matchs->getPlayerPositionStats('PMAA010', '1905660')
#2 C:\xampp\htdocs\VolleyBall_Analytics\codeigniter4\system\CodeIgniter.php(825): App\Controllers\Stats->getPlayerPositionStats('PMAA010', '1905660')
#3 C:\xampp\htdocs\VolleyBall_Analytics\codeigniter4\system\CodeIgniter.php(412): CodeIgniter\CodeIgniter->runController(Object(App\Controllers\Stats))
#4 C:\xampp\htdocs\VolleyBall_Analytics\codeigniter4\system\CodeIgniter.php(320): CodeIgniter\CodeIgniter->handleRequest(NULL, Object(Config\Cache), false)
#5 C:\xampp\htdocs\VolleyBall_Analytics\codeigniter4\public\index.php(37): CodeIgniter\CodeIgniter->run()
#6 {main}
CRITICAL - 2022-01-28 12:00:36 --> Unsupported operand types: array + int
#0 C:\xampp\htdocs\VolleyBall_Analytics\codeigniter4\app\Controllers\Stats.php(12): App\Models\Matchs->getPlayerPositionStats('PMAA010', '1905660')
#1 C:\xampp\htdocs\VolleyBall_Analytics\codeigniter4\system\CodeIgniter.php(825): App\Controllers\Stats->getPlayerPositionStats('PMAA010', '1905660')
#2 C:\xampp\htdocs\VolleyBall_Analytics\codeigniter4\system\CodeIgniter.php(412): CodeIgniter\CodeIgniter->runController(Object(App\Controllers\Stats))
#3 C:\xampp\htdocs\VolleyBall_Analytics\codeigniter4\system\CodeIgniter.php(320): CodeIgniter\CodeIgniter->handleRequest(NULL, Object(Config\Cache), false)
#4 C:\xampp\htdocs\VolleyBall_Analytics\codeigniter4\public\index.php(37): CodeIgniter\CodeIgniter->run()
#5 {main}
CRITICAL - 2022-01-28 12:00:52 --> Undefined array key "front"
#0 C:\xampp\htdocs\VolleyBall_Analytics\codeigniter4\app\Models\Matchs.php(212): CodeIgniter\Debug\Exceptions->errorHandler(2, 'Undefined array...', 'C:\\xampp\\htdocs...', 212)
#1 C:\xampp\htdocs\VolleyBall_Analytics\codeigniter4\app\Controllers\Stats.php(12): App\Models\Matchs->getPlayerPositionStats('PMAA010', '1905660')
#2 C:\xampp\htdocs\VolleyBall_Analytics\codeigniter4\system\CodeIgniter.php(825): App\Controllers\Stats->getPlayerPositionStats('PMAA010', '1905660')
#3 C:\xampp\htdocs\VolleyBall_Analytics\codeigniter4\system\CodeIgniter.php(412): CodeIgniter\CodeIgniter->runController(Object(App\Controllers\Stats))
#4 C:\xampp\htdocs\VolleyBall_Analytics\codeigniter4\system\CodeIgniter.php(320): CodeIgniter\CodeIgniter->handleRequest(NULL, Object(Config\Cache), false)
#5 C:\xampp\htdocs\VolleyBall_Analytics\codeigniter4\public\index.php(37): CodeIgniter\CodeIgniter->run()
#6 {main}
CRITICAL - 2022-01-28 12:03:10 --> syntax error, unexpected token "return"
#0 C:\xampp\htdocs\VolleyBall_Analytics\codeigniter4\system\Autoloader\Autoloader.php(241): CodeIgniter\Autoloader\Autoloader->includeFile('C:\\xampp\\htdocs...')
#1 C:\xampp\htdocs\VolleyBall_Analytics\codeigniter4\system\Autoloader\Autoloader.php(219): CodeIgniter\Autoloader\Autoloader->loadInNamespace('App\\Models\\Matc...')
#2 C:\xampp\htdocs\VolleyBall_Analytics\codeigniter4\app\Controllers\Stats.php(9): CodeIgniter\Autoloader\Autoloader->loadClass('App\\Models\\Matc...')
#3 C:\xampp\htdocs\VolleyBall_Analytics\codeigniter4\system\CodeIgniter.php(825): App\Controllers\Stats->getPlayerPositionStats('PMAA010', '1905660')
#4 C:\xampp\htdocs\VolleyBall_Analytics\codeigniter4\system\CodeIgniter.php(412): CodeIgniter\CodeIgniter->runController(Object(App\Controllers\Stats))
#5 C:\xampp\htdocs\VolleyBall_Analytics\codeigniter4\system\CodeIgniter.php(320): CodeIgniter\CodeIgniter->handleRequest(NULL, Object(Config\Cache), false)
#6 C:\xampp\htdocs\VolleyBall_Analytics\codeigniter4\public\index.php(37): CodeIgniter\CodeIgniter->run()
#7 {main}
CRITICAL - 2022-01-28 12:14:55 --> Undefined variable $key
#0 C:\xampp\htdocs\VolleyBall_Analytics\codeigniter4\app\Views\Stats\test.php(16): CodeIgniter\Debug\Exceptions->errorHandler(2, 'Undefined varia...', 'C:\\xampp\\htdocs...', 16)
#1 C:\xampp\htdocs\VolleyBall_Analytics\codeigniter4\system\View\View.php(210): include('C:\\xampp\\htdocs...')
#2 C:\xampp\htdocs\VolleyBall_Analytics\codeigniter4\system\View\View.php(213): CodeIgniter\View\View->CodeIgniter\View\{closure}()
#3 C:\xampp\htdocs\VolleyBall_Analytics\codeigniter4\system\Common.php(1089): CodeIgniter\View\View->render('Stats/test', Array, true)
#4 C:\xampp\htdocs\VolleyBall_Analytics\codeigniter4\app\Controllers\Stats.php(17): view('Stats/test', Array)
#5 C:\xampp\htdocs\VolleyBall_Analytics\codeigniter4\system\CodeIgniter.php(825): App\Controllers\Stats->getPlayerPositionStats('PMAA010', '1905660')
#6 C:\xampp\htdocs\VolleyBall_Analytics\codeigniter4\system\CodeIgniter.php(412): CodeIgniter\CodeIgniter->runController(Object(App\Controllers\Stats))
#7 C:\xampp\htdocs\VolleyBall_Analytics\codeigniter4\system\CodeIgniter.php(320): CodeIgniter\CodeIgniter->handleRequest(NULL, Object(Config\Cache), false)
#8 C:\xampp\htdocs\VolleyBall_Analytics\codeigniter4\public\index.php(37): CodeIgniter\CodeIgniter->run()
#9 {main}
