CRITICAL - 2022-01-21 16:27:08 --> Attempt to read property "t1id" on null
#0 C:\xampp\htdocs\VolleyBall_Analytics\codeigniter4\app\Controllers\Matchs.php(39): CodeIgniter\Debug\Exceptions->errorHandler(2, 'Attempt to read...', 'C:\\xampp\\htdocs...', 39)
#1 C:\xampp\htdocs\VolleyBall_Analytics\codeigniter4\system\CodeIgniter.php(825): App\Controllers\Matchs->view('matchs')
#2 C:\xampp\htdocs\VolleyBall_Analytics\codeigniter4\system\CodeIgniter.php(412): CodeIgniter\CodeIgniter->runController(Object(App\Controllers\Matchs))
#3 C:\xampp\htdocs\VolleyBall_Analytics\codeigniter4\system\CodeIgniter.php(320): CodeIgniter\CodeIgniter->handleRequest(NULL, Object(Config\Cache), false)
#4 C:\xampp\htdocs\VolleyBall_Analytics\codeigniter4\public\index.php(37): CodeIgniter\CodeIgniter->run()
#5 {main}
CRITICAL - 2022-01-21 16:29:00 --> Undefined variable $teams_id
#0 C:\xampp\htdocs\VolleyBall_Analytics\codeigniter4\app\Controllers\Matchs.php(46): CodeIgniter\Debug\Exceptions->errorHandler(2, 'Undefined varia...', 'C:\\xampp\\htdocs...', 46)
#1 C:\xampp\htdocs\VolleyBall_Analytics\codeigniter4\system\CodeIgniter.php(825): App\Controllers\Matchs->view('matchs')
#2 C:\xampp\htdocs\VolleyBall_Analytics\codeigniter4\system\CodeIgniter.php(412): CodeIgniter\CodeIgniter->runController(Object(App\Controllers\Matchs))
#3 C:\xampp\htdocs\VolleyBall_Analytics\codeigniter4\system\CodeIgniter.php(320): CodeIgniter\CodeIgniter->handleRequest(NULL, Object(Config\Cache), false)
#4 C:\xampp\htdocs\VolleyBall_Analytics\codeigniter4\public\index.php(37): CodeIgniter\CodeIgniter->run()
#5 {main}
CRITICAL - 2022-01-21 16:29:14 --> Attempt to read property "date_match" on null
#0 C:\xampp\htdocs\VolleyBall_Analytics\codeigniter4\app\Controllers\Matchs.php(57): CodeIgniter\Debug\Exceptions->errorHandler(2, 'Attempt to read...', 'C:\\xampp\\htdocs...', 57)
#1 C:\xampp\htdocs\VolleyBall_Analytics\codeigniter4\system\CodeIgniter.php(825): App\Controllers\Matchs->view('matchs')
#2 C:\xampp\htdocs\VolleyBall_Analytics\codeigniter4\system\CodeIgniter.php(412): CodeIgniter\CodeIgniter->runController(Object(App\Controllers\Matchs))
#3 C:\xampp\htdocs\VolleyBall_Analytics\codeigniter4\system\CodeIgniter.php(320): CodeIgniter\CodeIgniter->handleRequest(NULL, Object(Config\Cache), false)
#4 C:\xampp\htdocs\VolleyBall_Analytics\codeigniter4\public\index.php(37): CodeIgniter\CodeIgniter->run()
#5 {main}
CRITICAL - 2022-01-21 16:29:33 --> Attempt to read property "city" on null
#0 C:\xampp\htdocs\VolleyBall_Analytics\codeigniter4\app\Views\match\view.php(31): CodeIgniter\Debug\Exceptions->errorHandler(2, 'Attempt to read...', 'C:\\xampp\\htdocs...', 31)
#1 C:\xampp\htdocs\VolleyBall_Analytics\codeigniter4\system\View\View.php(210): include('C:\\xampp\\htdocs...')
#2 C:\xampp\htdocs\VolleyBall_Analytics\codeigniter4\system\View\View.php(213): CodeIgniter\View\View->CodeIgniter\View\{closure}()
#3 C:\xampp\htdocs\VolleyBall_Analytics\codeigniter4\system\Common.php(1089): CodeIgniter\View\View->render('match/view', Array, true)
#4 C:\xampp\htdocs\VolleyBall_Analytics\codeigniter4\app\Controllers\Matchs.php(62): view('match/view', Array)
#5 C:\xampp\htdocs\VolleyBall_Analytics\codeigniter4\system\CodeIgniter.php(825): App\Controllers\Matchs->view('matchs')
#6 C:\xampp\htdocs\VolleyBall_Analytics\codeigniter4\system\CodeIgniter.php(412): CodeIgniter\CodeIgniter->runController(Object(App\Controllers\Matchs))
#7 C:\xampp\htdocs\VolleyBall_Analytics\codeigniter4\system\CodeIgniter.php(320): CodeIgniter\CodeIgniter->handleRequest(NULL, Object(Config\Cache), false)
#8 C:\xampp\htdocs\VolleyBall_Analytics\codeigniter4\public\index.php(37): CodeIgniter\CodeIgniter->run()
#9 {main}
CRITICAL - 2022-01-21 16:37:40 --> Call to a member function format() on bool
#0 C:\xampp\htdocs\VolleyBall_Analytics\codeigniter4\system\CodeIgniter.php(825): App\Controllers\Matchs->view('PMAA010')
#1 C:\xampp\htdocs\VolleyBall_Analytics\codeigniter4\system\CodeIgniter.php(412): CodeIgniter\CodeIgniter->runController(Object(App\Controllers\Matchs))
#2 C:\xampp\htdocs\VolleyBall_Analytics\codeigniter4\system\CodeIgniter.php(320): CodeIgniter\CodeIgniter->handleRequest(NULL, Object(Config\Cache), false)
#3 C:\xampp\htdocs\VolleyBall_Analytics\codeigniter4\public\index.php(37): CodeIgniter\CodeIgniter->run()
#4 {main}
CRITICAL - 2022-01-21 16:38:46 --> Call to a member function format() on bool
#0 C:\xampp\htdocs\VolleyBall_Analytics\codeigniter4\system\CodeIgniter.php(825): App\Controllers\Matchs->view('PMAA010')
#1 C:\xampp\htdocs\VolleyBall_Analytics\codeigniter4\system\CodeIgniter.php(412): CodeIgniter\CodeIgniter->runController(Object(App\Controllers\Matchs))
#2 C:\xampp\htdocs\VolleyBall_Analytics\codeigniter4\system\CodeIgniter.php(320): CodeIgniter\CodeIgniter->handleRequest(NULL, Object(Config\Cache), false)
#3 C:\xampp\htdocs\VolleyBall_Analytics\codeigniter4\public\index.php(37): CodeIgniter\CodeIgniter->run()
#4 {main}
CRITICAL - 2022-01-21 16:40:05 --> Call to a member function format() on bool
#0 C:\xampp\htdocs\VolleyBall_Analytics\codeigniter4\system\CodeIgniter.php(825): App\Controllers\Matchs->view('PMAA010')
#1 C:\xampp\htdocs\VolleyBall_Analytics\codeigniter4\system\CodeIgniter.php(412): CodeIgniter\CodeIgniter->runController(Object(App\Controllers\Matchs))
#2 C:\xampp\htdocs\VolleyBall_Analytics\codeigniter4\system\CodeIgniter.php(320): CodeIgniter\CodeIgniter->handleRequest(NULL, Object(Config\Cache), false)
#3 C:\xampp\htdocs\VolleyBall_Analytics\codeigniter4\public\index.php(37): CodeIgniter\CodeIgniter->run()
#4 {main}
CRITICAL - 2022-01-21 16:40:40 --> Undefined variable $match
#0 C:\xampp\htdocs\VolleyBall_Analytics\codeigniter4\app\Controllers\Matchs.php(39): CodeIgniter\Debug\Exceptions->errorHandler(2, 'Undefined varia...', 'C:\\xampp\\htdocs...', 39)
#1 C:\xampp\htdocs\VolleyBall_Analytics\codeigniter4\system\CodeIgniter.php(825): App\Controllers\Matchs->view('PMAA010')
#2 C:\xampp\htdocs\VolleyBall_Analytics\codeigniter4\system\CodeIgniter.php(412): CodeIgniter\CodeIgniter->runController(Object(App\Controllers\Matchs))
#3 C:\xampp\htdocs\VolleyBall_Analytics\codeigniter4\system\CodeIgniter.php(320): CodeIgniter\CodeIgniter->handleRequest(NULL, Object(Config\Cache), false)
#4 C:\xampp\htdocs\VolleyBall_Analytics\codeigniter4\public\index.php(37): CodeIgniter\CodeIgniter->run()
#5 {main}
CRITICAL - 2022-01-21 16:41:48 --> Call to a member function format() on bool
#0 C:\xampp\htdocs\VolleyBall_Analytics\codeigniter4\system\CodeIgniter.php(825): App\Controllers\Matchs->view('PMAA010')
#1 C:\xampp\htdocs\VolleyBall_Analytics\codeigniter4\system\CodeIgniter.php(412): CodeIgniter\CodeIgniter->runController(Object(App\Controllers\Matchs))
#2 C:\xampp\htdocs\VolleyBall_Analytics\codeigniter4\system\CodeIgniter.php(320): CodeIgniter\CodeIgniter->handleRequest(NULL, Object(Config\Cache), false)
#3 C:\xampp\htdocs\VolleyBall_Analytics\codeigniter4\public\index.php(37): CodeIgniter\CodeIgniter->run()
#4 {main}
CRITICAL - 2022-01-21 16:43:18 --> Attempt to read property "t1id" on null
#0 C:\xampp\htdocs\VolleyBall_Analytics\codeigniter4\app\Controllers\Matchs.php(40): CodeIgniter\Debug\Exceptions->errorHandler(2, 'Attempt to read...', 'C:\\xampp\\htdocs...', 40)
#1 C:\xampp\htdocs\VolleyBall_Analytics\codeigniter4\system\CodeIgniter.php(825): App\Controllers\Matchs->view('ll_Analytics', 'data', '2019-2020', 'IDF_PRENAT_A', 'PMAA010.json')
#2 C:\xampp\htdocs\VolleyBall_Analytics\codeigniter4\system\CodeIgniter.php(412): CodeIgniter\CodeIgniter->runController(Object(App\Controllers\Matchs))
#3 C:\xampp\htdocs\VolleyBall_Analytics\codeigniter4\system\CodeIgniter.php(320): CodeIgniter\CodeIgniter->handleRequest(NULL, Object(Config\Cache), false)
#4 C:\xampp\htdocs\VolleyBall_Analytics\codeigniter4\public\index.php(37): CodeIgniter\CodeIgniter->run()
#5 {main}
