ERROR - 2022-02-06 04:39:41 --> Error connecting to the database: Aucune connexion n’a pu être établie car l’ordinateur cible l’a expressément refusée
CRITICAL - 2022-02-06 04:39:41 --> Unable to connect to the database.
Main connection [MySQLi]: Aucune connexion n’a pu être établie car l’ordinateur cible l’a expressément refusée
#0 C:\xampp\htdocs\VolleyBall_Analytics\codeigniter4\system\Database\BaseConnection.php(577): CodeIgniter\Database\BaseConnection->initialize()
#1 C:\xampp\htdocs\VolleyBall_Analytics\codeigniter4\app\Models\Matchs.php(28): CodeIgniter\Database\BaseConnection->query('\r\n        SELEC...')
#2 C:\xampp\htdocs\VolleyBall_Analytics\codeigniter4\app\Controllers\Matchs.php(17): App\Models\Matchs->getMatchsList()
#3 C:\xampp\htdocs\VolleyBall_Analytics\codeigniter4\system\CodeIgniter.php(825): App\Controllers\Matchs->index()
#4 C:\xampp\htdocs\VolleyBall_Analytics\codeigniter4\system\CodeIgniter.php(412): CodeIgniter\CodeIgniter->runController(Object(App\Controllers\Matchs))
#5 C:\xampp\htdocs\VolleyBall_Analytics\codeigniter4\system\CodeIgniter.php(320): CodeIgniter\CodeIgniter->handleRequest(NULL, Object(Config\Cache), false)
#6 C:\xampp\htdocs\VolleyBall_Analytics\codeigniter4\public\index.php(37): CodeIgniter\CodeIgniter->run()
#7 {main}
ERROR - 2022-02-06 04:40:02 --> Error connecting to the database: Aucune connexion n’a pu être établie car l’ordinateur cible l’a expressément refusée
CRITICAL - 2022-02-06 04:40:02 --> Unable to connect to the database.
Main connection [MySQLi]: Aucune connexion n’a pu être établie car l’ordinateur cible l’a expressément refusée
#0 C:\xampp\htdocs\VolleyBall_Analytics\codeigniter4\system\Database\BaseConnection.php(577): CodeIgniter\Database\BaseConnection->initialize()
#1 C:\xampp\htdocs\VolleyBall_Analytics\codeigniter4\app\Models\Matchs.php(28): CodeIgniter\Database\BaseConnection->query('\r\n        SELEC...')
#2 C:\xampp\htdocs\VolleyBall_Analytics\codeigniter4\app\Controllers\Matchs.php(17): App\Models\Matchs->getMatchsList()
#3 C:\xampp\htdocs\VolleyBall_Analytics\codeigniter4\system\CodeIgniter.php(825): App\Controllers\Matchs->index()
#4 C:\xampp\htdocs\VolleyBall_Analytics\codeigniter4\system\CodeIgniter.php(412): CodeIgniter\CodeIgniter->runController(Object(App\Controllers\Matchs))
#5 C:\xampp\htdocs\VolleyBall_Analytics\codeigniter4\system\CodeIgniter.php(320): CodeIgniter\CodeIgniter->handleRequest(NULL, Object(Config\Cache), false)
#6 C:\xampp\htdocs\VolleyBall_Analytics\codeigniter4\public\index.php(37): CodeIgniter\CodeIgniter->run()
#7 {main}
